#Software: ToolsManage
#ProcessID: 16264
#AppDomain: ToolsManage.vshost.exe
#BaseDirectory: F:\科能软件\库房软件\陈海涛移交\库房\软件\上海长兴库房软件\ToolsManage\ToolsManage\bin\Debug\
#CommandLine: "F:\科能软件\库房软件\陈海涛移交\库房\软件\上海长兴库房软件\ToolsManage\ToolsManage\bin\Debug\ToolsManage.vshost.exe" 
#ApplicationType: WinForm
#CLR: 4.0.30319.42000, .NET Framework 4
#OS: Windows 10.0 x64, Microsoft Windows NT 6.2.9200.0, Administrator/SHUGUANG
#Memory: 4,523M/11,985M
#CPU: 4
#Date: 2018-10-09
#字段: 时间 线程ID 线程池Y网页W普通N 线程名 消息内容
#Fields: Time ThreadID IsPoolThread ThreadName Message
14:50:53.769  8 N - NewLife.Core v6.6.2018.0211 Build 2018-06-14 10:56:08 .NET Framework 4
14:50:53.771  8 N - 组件核心库 ©2002-2017 新生命开发团队 http://git.newlifex.com/NewLife/X
14:50:53.771  8 N - ToolsManage v1.0.0.0 Build 2000-01-01 .NET Framework 4
14:50:53.772  8 N - ToolsManage Copyright © Lenovo 2015
14:50:53.772  8 N - XCode v9.6.2017.0808 Build 2018-06-14 10:56:10 .NET Framework 4
14:50:53.772  8 N - 大数据中间件 ©2002-2017 新生命开发团队 http://www.NewLifeX.com
14:50:54.959  8 N - ToolsManage 设定 Data Source=192.168.1.105;Initial Catalog=ToolsManage;user=sa;password=123456;
14:50:54.960  8 N - ToolsManage 格式 Data Source=192.168.1.105;Initial Catalog=ToolsManage;user=sa;password=123456;Pooling=false;Application Name=XCode_ToolsManage.vshost.exe_ToolsManage
14:50:54.970  8 N - 集中初始化表架构时没赶上，现在补上！
14:50:54.971  8 N - 开始同步检查表[TbRoominfo/SqlServer]的数据表架构……
14:50:54.985  8 N - System.Data.SqlClient.Sql驱动C:\windows\Microsoft.Net\assembly\GAC_32\System.Data\v4.0_4.0.0.0__b77a5c561934e089\System.Data.dll 版本v4.0.0.0
14:50:55.031  8 N - [ToolsManage]GetSchema("MetaDataCollections")
14:50:55.072  8 N - [ToolsManage]GetSchema("Databases", "ToolsManage")
14:50:55.079  8 N - select b.name n, a.value v from sys.extended_properties a inner join sysobjects b on a.major_id=b.id and a.minor_id=0 and a.name = 'MS_Description'
14:50:55.082  8 N - [ToolsManage]GetSchema("Tables")
14:50:55.084  8 N - SELECT 表名=d.name,字段序号=a.colorder,字段名=a.name,标识=case when COLUMNPROPERTY( a.id,a.name,'IsIdentity')=1 then Convert(Bit,1) else Convert(Bit,0) end,主键=case when exists(SELECT 1 FROM sysobjects where xtype='PK' and name in (SELECT name FROM sysindexes WHERE id = a.id AND indid in(SELECT indid FROM sysindexkeys WHERE id = a.id AND colid=a.colid))) then Convert(Bit,1) else Convert(Bit,0) end,类型=b.name,占用字节数=a.length,长度=COLUMNPROPERTY(a.id,a.name,'PRECISION'),小数位数=isnull(COLUMNPROPERTY(a.id,a.name,'Scale'),0),允许空=case when a.isnullable=1 then Convert(Bit,1)else Convert(Bit,0) end,默认值=isnull(e.text,''),字段说明=isnull(g.[value],'')FROM syscolumns a left join systypes b on a.xtype=b.xusertype inner join sysobjects d on a.id=d.id  and d.xtype='U' left join syscomments e on a.cdefault=e.id left join sys.extended_properties g on a.id=g.major_id and a.colid=g.minor_id and g.name = 'MS_Description'  order by a.id,a.colorder
14:50:55.146  8 N - select ind.* from sys.indexes ind inner join sys.objects obj on ind.object_id = obj.object_id where obj.type='u'
14:50:55.153  8 N - [ToolsManage]GetSchema("Columns")
14:50:55.168  8 N - [ToolsManage]GetSchema("Indexes")
14:50:55.175  8 N - [ToolsManage]GetSchema("IndexColumns")
14:50:55.211  8 N - 检查表[TbRoominfo/SqlServer]的数据表架构耗时239ms
14:50:55.212  8 N - 开始检查连接[ToolsManage/SqlServer]的数据库架构……
14:50:55.552  8 N - [ToolsManage]的所有实体类（26个）：TbAcinfo,TbAlarmevent,TbBoxicpower,TbDeviceplan,TbDevicetype,TbDoorrfid,TbDooruser,TbEnviridata,TbEnvirievent,TbNvrinfo,TbRecordborrow,TbRecordboxdoor,TbRecordboxpower,TbRecorddoorinout,TbRecorderr,TbRecordinroom,TbRecordpower,TbRecordscrap,TbRecordtest,TbRfidinfo,TbRoominfo,TbSysdevice,TbSysparm,TbSystemuser,TbTools,TbTypeandname
14:50:55.552  8 N - [ToolsManage]需要检查架构的实体类（26个）：TbAcinfo,TbAlarmevent,TbBoxicpower,TbDeviceplan,TbDevicetype,TbDoorrfid,TbDooruser,TbEnviridata,TbEnvirievent,TbNvrinfo,TbRecordborrow,TbRecordboxdoor,TbRecordboxpower,TbRecorddoorinout,TbRecorderr,TbRecordinroom,TbRecordpower,TbRecordscrap,TbRecordtest,TbRfidinfo,TbRoominfo,TbSysdevice,TbSysparm,TbSystemuser,TbTools,TbTypeandname
14:50:55.552  8 N - ToolsManage待检查表架构的实体个数：25
14:50:55.552  8 N - select b.name n, a.value v from sys.extended_properties a inner join sysobjects b on a.major_id=b.id and a.minor_id=0 and a.name = 'MS_Description'
14:50:55.553  8 N - SELECT 表名=d.name,字段序号=a.colorder,字段名=a.name,标识=case when COLUMNPROPERTY( a.id,a.name,'IsIdentity')=1 then Convert(Bit,1) else Convert(Bit,0) end,主键=case when exists(SELECT 1 FROM sysobjects where xtype='PK' and name in (SELECT name FROM sysindexes WHERE id = a.id AND indid in(SELECT indid FROM sysindexkeys WHERE id = a.id AND colid=a.colid))) then Convert(Bit,1) else Convert(Bit,0) end,类型=b.name,占用字节数=a.length,长度=COLUMNPROPERTY(a.id,a.name,'PRECISION'),小数位数=isnull(COLUMNPROPERTY(a.id,a.name,'Scale'),0),允许空=case when a.isnullable=1 then Convert(Bit,1)else Convert(Bit,0) end,默认值=isnull(e.text,''),字段说明=isnull(g.[value],'')FROM syscolumns a left join systypes b on a.xtype=b.xusertype inner join sysobjects d on a.id=d.id  and d.xtype='U' left join syscomments e on a.cdefault=e.id left join sys.extended_properties g on a.id=g.major_id and a.colid=g.minor_id and g.name = 'MS_Description'  order by a.id,a.colorder
14:50:55.606  8 N - select ind.* from sys.indexes ind inner join sys.objects obj on ind.object_id = obj.object_id where obj.type='u'
14:50:55.631  8 N - 检查连接[ToolsManage/SqlServer]的数据库架构耗时418ms
14:50:55.636  8 N - Select * From tb_RoomInfo Order By ID ASC
14:51:17.452  8 N - Select Top 1 * From tb_SysDevice Where ID=(SELECT MAX(ID) FROM tb_SysDevice) Order By ID Desc
14:51:20.404  8 N - Select GroupName,UserName,IcNo,CardNo,IsPower,UserId,PassWord,PowerType From tb_DoorUser Where IsGroup='人员'
14:51:36.215  8 N - Select Top 1 * From tb_SysDevice Where ID=(SELECT MAX(ID) FROM tb_SysDevice) Order By ID Desc
14:51:38.671  8 N - Select GroupName,UserName,IcNo,CardNo,IsPower,UserId,PassWord,PowerType From tb_DoorUser Where IsGroup='人员'

#Software: ToolsManage
#ProcessID: 8648
#AppDomain: ToolsManage.vshost.exe
#BaseDirectory: F:\科能软件\库房软件\陈海涛移交\库房\软件\上海长兴库房软件\ToolsManage\ToolsManage\bin\Debug\
#CommandLine: "F:\科能软件\库房软件\陈海涛移交\库房\软件\上海长兴库房软件\ToolsManage\ToolsManage\bin\Debug\ToolsManage.vshost.exe" 
#ApplicationType: WinForm
#CLR: 4.0.30319.42000, .NET Framework 4
#OS: Windows 10.0 x64, Microsoft Windows NT 6.2.9200.0, Administrator/SHUGUANG
#Memory: 4,265M/11,985M
#CPU: 4
#Date: 2018-10-09
#字段: 时间 线程ID 线程池Y网页W普通N 线程名 消息内容
#Fields: Time ThreadID IsPoolThread ThreadName Message
14:53:39.328  7 N - NewLife.Core v6.6.2018.0211 Build 2018-06-14 10:56:08 .NET Framework 4
14:53:39.331  7 N - 组件核心库 ©2002-2017 新生命开发团队 http://git.newlifex.com/NewLife/X
14:53:39.331  7 N - ToolsManage v1.0.0.0 Build 2000-01-01 .NET Framework 4
14:53:39.331  7 N - ToolsManage Copyright © Lenovo 2015
14:53:39.331  7 N - XCode v9.6.2017.0808 Build 2018-06-14 10:56:10 .NET Framework 4
14:53:39.331  7 N - 大数据中间件 ©2002-2017 新生命开发团队 http://www.NewLifeX.com
14:53:39.972  7 N - ToolsManage 设定 Data Source=192.168.1.105;Initial Catalog=ToolsManage;user=sa;password=123456;
14:53:39.975  7 N - ToolsManage 格式 Data Source=192.168.1.105;Initial Catalog=ToolsManage;user=sa;password=123456;Pooling=false;Application Name=XCode_ToolsManage.vshost.exe_ToolsManage
14:53:39.987  7 N - 集中初始化表架构时没赶上，现在补上！
14:53:39.989  7 N - 开始同步检查表[TbRoominfo/SqlServer]的数据表架构……
14:53:40.014  7 N - System.Data.SqlClient.Sql驱动C:\windows\Microsoft.Net\assembly\GAC_32\System.Data\v4.0_4.0.0.0__b77a5c561934e089\System.Data.dll 版本v4.0.0.0
14:53:40.055  7 N - [ToolsManage]GetSchema("MetaDataCollections")
14:53:40.090  7 N - [ToolsManage]GetSchema("Databases", "ToolsManage")
14:53:40.098  7 N - select b.name n, a.value v from sys.extended_properties a inner join sysobjects b on a.major_id=b.id and a.minor_id=0 and a.name = 'MS_Description'
14:53:40.100  7 N - [ToolsManage]GetSchema("Tables")
14:53:40.102  7 N - SELECT 表名=d.name,字段序号=a.colorder,字段名=a.name,标识=case when COLUMNPROPERTY( a.id,a.name,'IsIdentity')=1 then Convert(Bit,1) else Convert(Bit,0) end,主键=case when exists(SELECT 1 FROM sysobjects where xtype='PK' and name in (SELECT name FROM sysindexes WHERE id = a.id AND indid in(SELECT indid FROM sysindexkeys WHERE id = a.id AND colid=a.colid))) then Convert(Bit,1) else Convert(Bit,0) end,类型=b.name,占用字节数=a.length,长度=COLUMNPROPERTY(a.id,a.name,'PRECISION'),小数位数=isnull(COLUMNPROPERTY(a.id,a.name,'Scale'),0),允许空=case when a.isnullable=1 then Convert(Bit,1)else Convert(Bit,0) end,默认值=isnull(e.text,''),字段说明=isnull(g.[value],'')FROM syscolumns a left join systypes b on a.xtype=b.xusertype inner join sysobjects d on a.id=d.id  and d.xtype='U' left join syscomments e on a.cdefault=e.id left join sys.extended_properties g on a.id=g.major_id and a.colid=g.minor_id and g.name = 'MS_Description'  order by a.id,a.colorder
14:53:40.157  7 N - select ind.* from sys.indexes ind inner join sys.objects obj on ind.object_id = obj.object_id where obj.type='u'
14:53:40.163  7 N - [ToolsManage]GetSchema("Columns")
14:53:40.182  7 N - [ToolsManage]GetSchema("Indexes")
14:53:40.189  7 N - [ToolsManage]GetSchema("IndexColumns")
14:53:40.230  7 N - 检查表[TbRoominfo/SqlServer]的数据表架构耗时240ms
14:53:40.231  7 N - 开始检查连接[ToolsManage/SqlServer]的数据库架构……
14:53:40.627  7 N - [ToolsManage]的所有实体类（26个）：TbAcinfo,TbAlarmevent,TbBoxicpower,TbDeviceplan,TbDevicetype,TbDoorrfid,TbDooruser,TbEnviridata,TbEnvirievent,TbNvrinfo,TbRecordborrow,TbRecordboxdoor,TbRecordboxpower,TbRecorddoorinout,TbRecorderr,TbRecordinroom,TbRecordpower,TbRecordscrap,TbRecordtest,TbRfidinfo,TbRoominfo,TbSysdevice,TbSysparm,TbSystemuser,TbTools,TbTypeandname
14:53:40.627  7 N - [ToolsManage]需要检查架构的实体类（26个）：TbAcinfo,TbAlarmevent,TbBoxicpower,TbDeviceplan,TbDevicetype,TbDoorrfid,TbDooruser,TbEnviridata,TbEnvirievent,TbNvrinfo,TbRecordborrow,TbRecordboxdoor,TbRecordboxpower,TbRecorddoorinout,TbRecorderr,TbRecordinroom,TbRecordpower,TbRecordscrap,TbRecordtest,TbRfidinfo,TbRoominfo,TbSysdevice,TbSysparm,TbSystemuser,TbTools,TbTypeandname
14:53:40.628  7 N - ToolsManage待检查表架构的实体个数：25
14:53:40.628  7 N - select b.name n, a.value v from sys.extended_properties a inner join sysobjects b on a.major_id=b.id and a.minor_id=0 and a.name = 'MS_Description'
14:53:40.629  7 N - SELECT 表名=d.name,字段序号=a.colorder,字段名=a.name,标识=case when COLUMNPROPERTY( a.id,a.name,'IsIdentity')=1 then Convert(Bit,1) else Convert(Bit,0) end,主键=case when exists(SELECT 1 FROM sysobjects where xtype='PK' and name in (SELECT name FROM sysindexes WHERE id = a.id AND indid in(SELECT indid FROM sysindexkeys WHERE id = a.id AND colid=a.colid))) then Convert(Bit,1) else Convert(Bit,0) end,类型=b.name,占用字节数=a.length,长度=COLUMNPROPERTY(a.id,a.name,'PRECISION'),小数位数=isnull(COLUMNPROPERTY(a.id,a.name,'Scale'),0),允许空=case when a.isnullable=1 then Convert(Bit,1)else Convert(Bit,0) end,默认值=isnull(e.text,''),字段说明=isnull(g.[value],'')FROM syscolumns a left join systypes b on a.xtype=b.xusertype inner join sysobjects d on a.id=d.id  and d.xtype='U' left join syscomments e on a.cdefault=e.id left join sys.extended_properties g on a.id=g.major_id and a.colid=g.minor_id and g.name = 'MS_Description'  order by a.id,a.colorder
14:53:40.702  7 N - select ind.* from sys.indexes ind inner join sys.objects obj on ind.object_id = obj.object_id where obj.type='u'
14:53:40.753  7 N - 检查连接[ToolsManage/SqlServer]的数据库架构耗时521ms
14:53:40.761  7 N - Select * From tb_RoomInfo Order By ID ASC
14:53:54.255  7 N - Select Top 1 * From tb_SysDevice Where ID=(SELECT MAX(ID) FROM tb_SysDevice) Order By ID Desc
14:54:05.439  7 N - Select GroupName,UserName,IcNo,CardNo,IsPower,UserId,PassWord,PowerType From tb_DoorUser Where IsGroup='人员'
14:57:05.283  7 N - Select Top 1 * From tb_SysDevice Where ID=(SELECT MAX(ID) FROM tb_SysDevice) Order By ID Desc

#Software: ToolsManage
#ProcessID: 13240
#AppDomain: ToolsManage.vshost.exe
#BaseDirectory: F:\科能软件\库房软件\陈海涛移交\库房\软件\上海长兴库房软件\ToolsManage\ToolsManage\bin\Debug\
#CommandLine: "F:\科能软件\库房软件\陈海涛移交\库房\软件\上海长兴库房软件\ToolsManage\ToolsManage\bin\Debug\ToolsManage.vshost.exe" 
#ApplicationType: WinForm
#CLR: 4.0.30319.42000, .NET Framework 4
#OS: Windows 10.0 x64, Microsoft Windows NT 6.2.9200.0, Administrator/SHUGUANG
#Memory: 4,265M/11,985M
#CPU: 4
#Date: 2018-10-09
#字段: 时间 线程ID 线程池Y网页W普通N 线程名 消息内容
#Fields: Time ThreadID IsPoolThread ThreadName Message
14:58:33.897  9 N - NewLife.Core v6.6.2018.0211 Build 2018-06-14 10:56:08 .NET Framework 4
14:58:33.901  9 N - 组件核心库 ©2002-2017 新生命开发团队 http://git.newlifex.com/NewLife/X
14:58:33.901  9 N - ToolsManage v1.0.0.0 Build 2000-01-01 .NET Framework 4
14:58:33.902  9 N - ToolsManage Copyright © Lenovo 2015
14:58:33.902  9 N - XCode v9.6.2017.0808 Build 2018-06-14 10:56:10 .NET Framework 4
14:58:33.902  9 N - 大数据中间件 ©2002-2017 新生命开发团队 http://www.NewLifeX.com
14:58:34.588  9 N - ToolsManage 设定 Data Source=192.168.1.105;Initial Catalog=ToolsManage;user=sa;password=123456;
14:58:34.590  9 N - ToolsManage 格式 Data Source=192.168.1.105;Initial Catalog=ToolsManage;user=sa;password=123456;Pooling=false;Application Name=XCode_ToolsManage.vshost.exe_ToolsManage
14:58:34.600  9 N - 集中初始化表架构时没赶上，现在补上！
14:58:34.601  9 N - 开始同步检查表[TbRoominfo/SqlServer]的数据表架构……
14:58:34.623  9 N - System.Data.SqlClient.Sql驱动C:\windows\Microsoft.Net\assembly\GAC_32\System.Data\v4.0_4.0.0.0__b77a5c561934e089\System.Data.dll 版本v4.0.0.0
14:58:34.660  9 N - [ToolsManage]GetSchema("MetaDataCollections")
14:58:34.690  9 N - [ToolsManage]GetSchema("Databases", "ToolsManage")
14:58:34.696  9 N - select b.name n, a.value v from sys.extended_properties a inner join sysobjects b on a.major_id=b.id and a.minor_id=0 and a.name = 'MS_Description'
14:58:34.698  9 N - [ToolsManage]GetSchema("Tables")
14:58:34.701  9 N - SELECT 表名=d.name,字段序号=a.colorder,字段名=a.name,标识=case when COLUMNPROPERTY( a.id,a.name,'IsIdentity')=1 then Convert(Bit,1) else Convert(Bit,0) end,主键=case when exists(SELECT 1 FROM sysobjects where xtype='PK' and name in (SELECT name FROM sysindexes WHERE id = a.id AND indid in(SELECT indid FROM sysindexkeys WHERE id = a.id AND colid=a.colid))) then Convert(Bit,1) else Convert(Bit,0) end,类型=b.name,占用字节数=a.length,长度=COLUMNPROPERTY(a.id,a.name,'PRECISION'),小数位数=isnull(COLUMNPROPERTY(a.id,a.name,'Scale'),0),允许空=case when a.isnullable=1 then Convert(Bit,1)else Convert(Bit,0) end,默认值=isnull(e.text,''),字段说明=isnull(g.[value],'')FROM syscolumns a left join systypes b on a.xtype=b.xusertype inner join sysobjects d on a.id=d.id  and d.xtype='U' left join syscomments e on a.cdefault=e.id left join sys.extended_properties g on a.id=g.major_id and a.colid=g.minor_id and g.name = 'MS_Description'  order by a.id,a.colorder
14:58:34.759  9 N - select ind.* from sys.indexes ind inner join sys.objects obj on ind.object_id = obj.object_id where obj.type='u'
14:58:34.765  9 N - [ToolsManage]GetSchema("Columns")
14:58:34.781  9 N - [ToolsManage]GetSchema("Indexes")
14:58:34.788  9 N - [ToolsManage]GetSchema("IndexColumns")
14:58:34.834  9 N - 检查表[TbRoominfo/SqlServer]的数据表架构耗时230ms
14:58:34.836  9 N - 开始检查连接[ToolsManage/SqlServer]的数据库架构……
14:58:35.198  9 N - [ToolsManage]的所有实体类（26个）：TbAcinfo,TbAlarmevent,TbBoxicpower,TbDeviceplan,TbDevicetype,TbDoorrfid,TbDooruser,TbEnviridata,TbEnvirievent,TbNvrinfo,TbRecordborrow,TbRecordboxdoor,TbRecordboxpower,TbRecorddoorinout,TbRecorderr,TbRecordinroom,TbRecordpower,TbRecordscrap,TbRecordtest,TbRfidinfo,TbRoominfo,TbSysdevice,TbSysparm,TbSystemuser,TbTools,TbTypeandname
14:58:35.198  9 N - [ToolsManage]需要检查架构的实体类（26个）：TbAcinfo,TbAlarmevent,TbBoxicpower,TbDeviceplan,TbDevicetype,TbDoorrfid,TbDooruser,TbEnviridata,TbEnvirievent,TbNvrinfo,TbRecordborrow,TbRecordboxdoor,TbRecordboxpower,TbRecorddoorinout,TbRecorderr,TbRecordinroom,TbRecordpower,TbRecordscrap,TbRecordtest,TbRfidinfo,TbRoominfo,TbSysdevice,TbSysparm,TbSystemuser,TbTools,TbTypeandname
14:58:35.199  9 N - ToolsManage待检查表架构的实体个数：25
14:58:35.199  9 N - select b.name n, a.value v from sys.extended_properties a inner join sysobjects b on a.major_id=b.id and a.minor_id=0 and a.name = 'MS_Description'
14:58:35.200  9 N - SELECT 表名=d.name,字段序号=a.colorder,字段名=a.name,标识=case when COLUMNPROPERTY( a.id,a.name,'IsIdentity')=1 then Convert(Bit,1) else Convert(Bit,0) end,主键=case when exists(SELECT 1 FROM sysobjects where xtype='PK' and name in (SELECT name FROM sysindexes WHERE id = a.id AND indid in(SELECT indid FROM sysindexkeys WHERE id = a.id AND colid=a.colid))) then Convert(Bit,1) else Convert(Bit,0) end,类型=b.name,占用字节数=a.length,长度=COLUMNPROPERTY(a.id,a.name,'PRECISION'),小数位数=isnull(COLUMNPROPERTY(a.id,a.name,'Scale'),0),允许空=case when a.isnullable=1 then Convert(Bit,1)else Convert(Bit,0) end,默认值=isnull(e.text,''),字段说明=isnull(g.[value],'')FROM syscolumns a left join systypes b on a.xtype=b.xusertype inner join sysobjects d on a.id=d.id  and d.xtype='U' left join syscomments e on a.cdefault=e.id left join sys.extended_properties g on a.id=g.major_id and a.colid=g.minor_id and g.name = 'MS_Description'  order by a.id,a.colorder
14:58:35.250  9 N - select ind.* from sys.indexes ind inner join sys.objects obj on ind.object_id = obj.object_id where obj.type='u'
14:58:35.270  9 N - 检查连接[ToolsManage/SqlServer]的数据库架构耗时434ms
14:58:35.275  9 N - Select * From tb_RoomInfo Order By ID ASC
14:58:46.941  9 N - Select Top 1 * From tb_SysDevice Where ID=(SELECT MAX(ID) FROM tb_SysDevice) Order By ID Desc

#Software: ToolsManage
#ProcessID: 15612
#AppDomain: ToolsManage.vshost.exe
#BaseDirectory: F:\科能软件\库房软件\陈海涛移交\库房\软件\上海长兴库房软件\ToolsManage\ToolsManage\bin\Debug\
#CommandLine: "F:\科能软件\库房软件\陈海涛移交\库房\软件\上海长兴库房软件\ToolsManage\ToolsManage\bin\Debug\ToolsManage.vshost.exe" 
#ApplicationType: WinForm
#CLR: 4.0.30319.42000, .NET Framework 4
#OS: Windows 10.0 x64, Microsoft Windows NT 6.2.9200.0, Administrator/SHUGUANG
#Memory: 4,221M/11,985M
#CPU: 4
#Date: 2018-10-09
#字段: 时间 线程ID 线程池Y网页W普通N 线程名 消息内容
#Fields: Time ThreadID IsPoolThread ThreadName Message
14:59:44.039  9 N - NewLife.Core v6.6.2018.0211 Build 2018-06-14 10:56:08 .NET Framework 4
14:59:44.042  9 N - 组件核心库 ©2002-2017 新生命开发团队 http://git.newlifex.com/NewLife/X
14:59:44.042  9 N - ToolsManage v1.0.0.0 Build 2000-01-01 .NET Framework 4
14:59:44.042  9 N - ToolsManage Copyright © Lenovo 2015
14:59:44.042  9 N - XCode v9.6.2017.0808 Build 2018-06-14 10:56:10 .NET Framework 4
14:59:44.042  9 N - 大数据中间件 ©2002-2017 新生命开发团队 http://www.NewLifeX.com
14:59:44.676  9 N - ToolsManage 设定 Data Source=192.168.1.105;Initial Catalog=ToolsManage;user=sa;password=123456;
14:59:44.678  9 N - ToolsManage 格式 Data Source=192.168.1.105;Initial Catalog=ToolsManage;user=sa;password=123456;Pooling=false;Application Name=XCode_ToolsManage.vshost.exe_ToolsManage
14:59:44.689  9 N - 集中初始化表架构时没赶上，现在补上！
14:59:44.691  9 N - 开始同步检查表[TbRoominfo/SqlServer]的数据表架构……
14:59:44.710  9 N - System.Data.SqlClient.Sql驱动C:\windows\Microsoft.Net\assembly\GAC_32\System.Data\v4.0_4.0.0.0__b77a5c561934e089\System.Data.dll 版本v4.0.0.0
14:59:44.748  9 N - [ToolsManage]GetSchema("MetaDataCollections")
14:59:44.780  9 N - [ToolsManage]GetSchema("Databases", "ToolsManage")
14:59:44.789  9 N - select b.name n, a.value v from sys.extended_properties a inner join sysobjects b on a.major_id=b.id and a.minor_id=0 and a.name = 'MS_Description'
14:59:44.792  9 N - [ToolsManage]GetSchema("Tables")
14:59:44.798  9 N - SELECT 表名=d.name,字段序号=a.colorder,字段名=a.name,标识=case when COLUMNPROPERTY( a.id,a.name,'IsIdentity')=1 then Convert(Bit,1) else Convert(Bit,0) end,主键=case when exists(SELECT 1 FROM sysobjects where xtype='PK' and name in (SELECT name FROM sysindexes WHERE id = a.id AND indid in(SELECT indid FROM sysindexkeys WHERE id = a.id AND colid=a.colid))) then Convert(Bit,1) else Convert(Bit,0) end,类型=b.name,占用字节数=a.length,长度=COLUMNPROPERTY(a.id,a.name,'PRECISION'),小数位数=isnull(COLUMNPROPERTY(a.id,a.name,'Scale'),0),允许空=case when a.isnullable=1 then Convert(Bit,1)else Convert(Bit,0) end,默认值=isnull(e.text,''),字段说明=isnull(g.[value],'')FROM syscolumns a left join systypes b on a.xtype=b.xusertype inner join sysobjects d on a.id=d.id  and d.xtype='U' left join syscomments e on a.cdefault=e.id left join sys.extended_properties g on a.id=g.major_id and a.colid=g.minor_id and g.name = 'MS_Description'  order by a.id,a.colorder
14:59:44.861  9 N - select ind.* from sys.indexes ind inner join sys.objects obj on ind.object_id = obj.object_id where obj.type='u'
14:59:44.872  9 N - [ToolsManage]GetSchema("Columns")
14:59:44.891  9 N - [ToolsManage]GetSchema("Indexes")
14:59:44.899  9 N - [ToolsManage]GetSchema("IndexColumns")
14:59:44.961  9 N - 检查表[TbRoominfo/SqlServer]的数据表架构耗时269ms
14:59:44.962  9 N - 开始检查连接[ToolsManage/SqlServer]的数据库架构……
14:59:45.281  9 N - [ToolsManage]的所有实体类（26个）：TbAcinfo,TbAlarmevent,TbBoxicpower,TbDeviceplan,TbDevicetype,TbDoorrfid,TbDooruser,TbEnviridata,TbEnvirievent,TbNvrinfo,TbRecordborrow,TbRecordboxdoor,TbRecordboxpower,TbRecorddoorinout,TbRecorderr,TbRecordinroom,TbRecordpower,TbRecordscrap,TbRecordtest,TbRfidinfo,TbRoominfo,TbSysdevice,TbSysparm,TbSystemuser,TbTools,TbTypeandname
14:59:45.281  9 N - [ToolsManage]需要检查架构的实体类（26个）：TbAcinfo,TbAlarmevent,TbBoxicpower,TbDeviceplan,TbDevicetype,TbDoorrfid,TbDooruser,TbEnviridata,TbEnvirievent,TbNvrinfo,TbRecordborrow,TbRecordboxdoor,TbRecordboxpower,TbRecorddoorinout,TbRecorderr,TbRecordinroom,TbRecordpower,TbRecordscrap,TbRecordtest,TbRfidinfo,TbRoominfo,TbSysdevice,TbSysparm,TbSystemuser,TbTools,TbTypeandname
14:59:45.282  9 N - ToolsManage待检查表架构的实体个数：25
14:59:45.282  9 N - select b.name n, a.value v from sys.extended_properties a inner join sysobjects b on a.major_id=b.id and a.minor_id=0 and a.name = 'MS_Description'
14:59:45.283  9 N - SELECT 表名=d.name,字段序号=a.colorder,字段名=a.name,标识=case when COLUMNPROPERTY( a.id,a.name,'IsIdentity')=1 then Convert(Bit,1) else Convert(Bit,0) end,主键=case when exists(SELECT 1 FROM sysobjects where xtype='PK' and name in (SELECT name FROM sysindexes WHERE id = a.id AND indid in(SELECT indid FROM sysindexkeys WHERE id = a.id AND colid=a.colid))) then Convert(Bit,1) else Convert(Bit,0) end,类型=b.name,占用字节数=a.length,长度=COLUMNPROPERTY(a.id,a.name,'PRECISION'),小数位数=isnull(COLUMNPROPERTY(a.id,a.name,'Scale'),0),允许空=case when a.isnullable=1 then Convert(Bit,1)else Convert(Bit,0) end,默认值=isnull(e.text,''),字段说明=isnull(g.[value],'')FROM syscolumns a left join systypes b on a.xtype=b.xusertype inner join sysobjects d on a.id=d.id  and d.xtype='U' left join syscomments e on a.cdefault=e.id left join sys.extended_properties g on a.id=g.major_id and a.colid=g.minor_id and g.name = 'MS_Description'  order by a.id,a.colorder
14:59:45.354  9 N - select ind.* from sys.indexes ind inner join sys.objects obj on ind.object_id = obj.object_id where obj.type='u'
14:59:45.376  9 N - 检查连接[ToolsManage/SqlServer]的数据库架构耗时414ms
14:59:45.382  9 N - Select * From tb_RoomInfo Order By ID ASC

#Software: ToolsManage
#ProcessID: 13240
#AppDomain: ToolsManage.vshost.exe
#BaseDirectory: F:\科能软件\库房软件\陈海涛移交\库房\软件\上海长兴库房软件\ToolsManage\ToolsManage\bin\Debug\
#CommandLine: "F:\科能软件\库房软件\陈海涛移交\库房\软件\上海长兴库房软件\ToolsManage\ToolsManage\bin\Debug\ToolsManage.vshost.exe" 
#ApplicationType: WinForm
#CLR: 4.0.30319.42000, .NET Framework 4
#OS: Windows 10.0 x64, Microsoft Windows NT 6.2.9200.0, Administrator/SHUGUANG
#Memory: 5,733M/11,985M
#CPU: 4
#Date: 2018-10-09
#字段: 时间 线程ID 线程池Y网页W普通N 线程名 消息内容
#Fields: Time ThreadID IsPoolThread ThreadName Message
15:02:31.513 10 N - NewLife.Core v6.6.2018.0211 Build 2018-06-14 10:56:08 .NET Framework 4
15:02:31.515 10 N - 组件核心库 ©2002-2017 新生命开发团队 http://git.newlifex.com/NewLife/X
15:02:31.515 10 N - ToolsManage v1.0.0.0 Build 2000-01-01 .NET Framework 4
15:02:31.515 10 N - ToolsManage Copyright © Lenovo 2015
15:02:31.515 10 N - XCode v9.6.2017.0808 Build 2018-06-14 10:56:10 .NET Framework 4
15:02:31.515 10 N - 大数据中间件 ©2002-2017 新生命开发团队 http://www.NewLifeX.com
15:02:32.107 10 N - ToolsManage 设定 Data Source=192.168.1.105;Initial Catalog=ToolsManage;user=sa;password=123456;
15:02:32.109 10 N - ToolsManage 格式 Data Source=192.168.1.105;Initial Catalog=ToolsManage;user=sa;password=123456;Pooling=false;Application Name=XCode_ToolsManage.vshost.exe_ToolsManage
15:02:32.117 10 N - 集中初始化表架构时没赶上，现在补上！
15:02:32.118 10 N - 开始同步检查表[TbRoominfo/SqlServer]的数据表架构……
15:02:32.134 10 N - System.Data.SqlClient.Sql驱动C:\windows\Microsoft.Net\assembly\GAC_32\System.Data\v4.0_4.0.0.0__b77a5c561934e089\System.Data.dll 版本v4.0.0.0
15:02:32.167 10 N - [ToolsManage]GetSchema("MetaDataCollections")
15:02:32.203 10 N - [ToolsManage]GetSchema("Databases", "ToolsManage")
15:02:32.211 10 N - select b.name n, a.value v from sys.extended_properties a inner join sysobjects b on a.major_id=b.id and a.minor_id=0 and a.name = 'MS_Description'
15:02:32.213 10 N - [ToolsManage]GetSchema("Tables")
15:02:32.216 10 N - SELECT 表名=d.name,字段序号=a.colorder,字段名=a.name,标识=case when COLUMNPROPERTY( a.id,a.name,'IsIdentity')=1 then Convert(Bit,1) else Convert(Bit,0) end,主键=case when exists(SELECT 1 FROM sysobjects where xtype='PK' and name in (SELECT name FROM sysindexes WHERE id = a.id AND indid in(SELECT indid FROM sysindexkeys WHERE id = a.id AND colid=a.colid))) then Convert(Bit,1) else Convert(Bit,0) end,类型=b.name,占用字节数=a.length,长度=COLUMNPROPERTY(a.id,a.name,'PRECISION'),小数位数=isnull(COLUMNPROPERTY(a.id,a.name,'Scale'),0),允许空=case when a.isnullable=1 then Convert(Bit,1)else Convert(Bit,0) end,默认值=isnull(e.text,''),字段说明=isnull(g.[value],'')FROM syscolumns a left join systypes b on a.xtype=b.xusertype inner join sysobjects d on a.id=d.id  and d.xtype='U' left join syscomments e on a.cdefault=e.id left join sys.extended_properties g on a.id=g.major_id and a.colid=g.minor_id and g.name = 'MS_Description'  order by a.id,a.colorder
15:02:32.293 10 N - select ind.* from sys.indexes ind inner join sys.objects obj on ind.object_id = obj.object_id where obj.type='u'
15:02:32.299 10 N - [ToolsManage]GetSchema("Columns")
15:02:32.327 10 N - [ToolsManage]GetSchema("Indexes")
15:02:32.336 10 N - [ToolsManage]GetSchema("IndexColumns")
15:02:32.371 10 N - 检查表[TbRoominfo/SqlServer]的数据表架构耗时252ms
15:02:32.373 10 N - 开始检查连接[ToolsManage/SqlServer]的数据库架构……
15:02:32.735 10 N - [ToolsManage]的所有实体类（26个）：TbAcinfo,TbAlarmevent,TbBoxicpower,TbDeviceplan,TbDevicetype,TbDoorrfid,TbDooruser,TbEnviridata,TbEnvirievent,TbNvrinfo,TbRecordborrow,TbRecordboxdoor,TbRecordboxpower,TbRecorddoorinout,TbRecorderr,TbRecordinroom,TbRecordpower,TbRecordscrap,TbRecordtest,TbRfidinfo,TbRoominfo,TbSysdevice,TbSysparm,TbSystemuser,TbTools,TbTypeandname
15:02:32.736 10 N - [ToolsManage]需要检查架构的实体类（26个）：TbAcinfo,TbAlarmevent,TbBoxicpower,TbDeviceplan,TbDevicetype,TbDoorrfid,TbDooruser,TbEnviridata,TbEnvirievent,TbNvrinfo,TbRecordborrow,TbRecordboxdoor,TbRecordboxpower,TbRecorddoorinout,TbRecorderr,TbRecordinroom,TbRecordpower,TbRecordscrap,TbRecordtest,TbRfidinfo,TbRoominfo,TbSysdevice,TbSysparm,TbSystemuser,TbTools,TbTypeandname
15:02:32.737 10 N - ToolsManage待检查表架构的实体个数：25
15:02:32.737 10 N - select b.name n, a.value v from sys.extended_properties a inner join sysobjects b on a.major_id=b.id and a.minor_id=0 and a.name = 'MS_Description'
15:02:32.738 10 N - SELECT 表名=d.name,字段序号=a.colorder,字段名=a.name,标识=case when COLUMNPROPERTY( a.id,a.name,'IsIdentity')=1 then Convert(Bit,1) else Convert(Bit,0) end,主键=case when exists(SELECT 1 FROM sysobjects where xtype='PK' and name in (SELECT name FROM sysindexes WHERE id = a.id AND indid in(SELECT indid FROM sysindexkeys WHERE id = a.id AND colid=a.colid))) then Convert(Bit,1) else Convert(Bit,0) end,类型=b.name,占用字节数=a.length,长度=COLUMNPROPERTY(a.id,a.name,'PRECISION'),小数位数=isnull(COLUMNPROPERTY(a.id,a.name,'Scale'),0),允许空=case when a.isnullable=1 then Convert(Bit,1)else Convert(Bit,0) end,默认值=isnull(e.text,''),字段说明=isnull(g.[value],'')FROM syscolumns a left join systypes b on a.xtype=b.xusertype inner join sysobjects d on a.id=d.id  and d.xtype='U' left join syscomments e on a.cdefault=e.id left join sys.extended_properties g on a.id=g.major_id and a.colid=g.minor_id and g.name = 'MS_Description'  order by a.id,a.colorder
15:02:32.810 10 N - select ind.* from sys.indexes ind inner join sys.objects obj on ind.object_id = obj.object_id where obj.type='u'
15:02:32.832 10 N - 检查连接[ToolsManage/SqlServer]的数据库架构耗时459ms
15:02:32.837 10 N - Select * From tb_RoomInfo Order By ID ASC
15:02:45.541 10 N - Select Top 1 * From tb_SysDevice Where ID=(SELECT MAX(ID) FROM tb_SysDevice) Order By ID Desc

#Software: ToolsManage
#ProcessID: 2812
#AppDomain: ToolsManage.vshost.exe
#BaseDirectory: F:\科能软件\库房软件\陈海涛移交\库房\软件\上海长兴库房软件\ToolsManage\ToolsManage\bin\Debug\
#CommandLine: "F:\科能软件\库房软件\陈海涛移交\库房\软件\上海长兴库房软件\ToolsManage\ToolsManage\bin\Debug\ToolsManage.vshost.exe" 
#ApplicationType: WinForm
#CLR: 4.0.30319.42000, .NET Framework 4
#OS: Windows 10.0 x64, Microsoft Windows NT 6.2.9200.0, Administrator/SHUGUANG
#Memory: 5,598M/11,985M
#CPU: 4
#Date: 2018-10-09
#字段: 时间 线程ID 线程池Y网页W普通N 线程名 消息内容
#Fields: Time ThreadID IsPoolThread ThreadName Message
15:03:42.597  8 N - NewLife.Core v6.6.2018.0211 Build 2018-06-14 10:56:08 .NET Framework 4
15:03:42.600  8 N - 组件核心库 ©2002-2017 新生命开发团队 http://git.newlifex.com/NewLife/X
15:03:42.600  8 N - ToolsManage v1.0.0.0 Build 2000-01-01 .NET Framework 4
15:03:42.600  8 N - ToolsManage Copyright © Lenovo 2015
15:03:42.600  8 N - XCode v9.6.2017.0808 Build 2018-06-14 10:56:10 .NET Framework 4
15:03:42.601  8 N - 大数据中间件 ©2002-2017 新生命开发团队 http://www.NewLifeX.com
15:03:43.205  8 N - ToolsManage 设定 Data Source=192.168.1.105;Initial Catalog=ToolsManage;user=sa;password=123456;
15:03:43.207  8 N - ToolsManage 格式 Data Source=192.168.1.105;Initial Catalog=ToolsManage;user=sa;password=123456;Pooling=false;Application Name=XCode_ToolsManage.vshost.exe_ToolsManage
15:03:43.215  8 N - 集中初始化表架构时没赶上，现在补上！
15:03:43.216  8 N - 开始同步检查表[TbRoominfo/SqlServer]的数据表架构……
15:03:43.235  8 N - System.Data.SqlClient.Sql驱动C:\windows\Microsoft.Net\assembly\GAC_32\System.Data\v4.0_4.0.0.0__b77a5c561934e089\System.Data.dll 版本v4.0.0.0
15:03:43.269  8 N - [ToolsManage]GetSchema("MetaDataCollections")
15:03:43.302  8 N - [ToolsManage]GetSchema("Databases", "ToolsManage")
15:03:43.309  8 N - select b.name n, a.value v from sys.extended_properties a inner join sysobjects b on a.major_id=b.id and a.minor_id=0 and a.name = 'MS_Description'
15:03:43.311  8 N - [ToolsManage]GetSchema("Tables")
15:03:43.314  8 N - SELECT 表名=d.name,字段序号=a.colorder,字段名=a.name,标识=case when COLUMNPROPERTY( a.id,a.name,'IsIdentity')=1 then Convert(Bit,1) else Convert(Bit,0) end,主键=case when exists(SELECT 1 FROM sysobjects where xtype='PK' and name in (SELECT name FROM sysindexes WHERE id = a.id AND indid in(SELECT indid FROM sysindexkeys WHERE id = a.id AND colid=a.colid))) then Convert(Bit,1) else Convert(Bit,0) end,类型=b.name,占用字节数=a.length,长度=COLUMNPROPERTY(a.id,a.name,'PRECISION'),小数位数=isnull(COLUMNPROPERTY(a.id,a.name,'Scale'),0),允许空=case when a.isnullable=1 then Convert(Bit,1)else Convert(Bit,0) end,默认值=isnull(e.text,''),字段说明=isnull(g.[value],'')FROM syscolumns a left join systypes b on a.xtype=b.xusertype inner join sysobjects d on a.id=d.id  and d.xtype='U' left join syscomments e on a.cdefault=e.id left join sys.extended_properties g on a.id=g.major_id and a.colid=g.minor_id and g.name = 'MS_Description'  order by a.id,a.colorder
15:03:43.358  8 N - select ind.* from sys.indexes ind inner join sys.objects obj on ind.object_id = obj.object_id where obj.type='u'
15:03:43.365  8 N - [ToolsManage]GetSchema("Columns")
15:03:43.381  8 N - [ToolsManage]GetSchema("Indexes")
15:03:43.388  8 N - [ToolsManage]GetSchema("IndexColumns")
15:03:43.421  8 N - 检查表[TbRoominfo/SqlServer]的数据表架构耗时204ms
15:03:43.422  8 N - 开始检查连接[ToolsManage/SqlServer]的数据库架构……
15:03:43.718  8 N - [ToolsManage]的所有实体类（26个）：TbAcinfo,TbAlarmevent,TbBoxicpower,TbDeviceplan,TbDevicetype,TbDoorrfid,TbDooruser,TbEnviridata,TbEnvirievent,TbNvrinfo,TbRecordborrow,TbRecordboxdoor,TbRecordboxpower,TbRecorddoorinout,TbRecorderr,TbRecordinroom,TbRecordpower,TbRecordscrap,TbRecordtest,TbRfidinfo,TbRoominfo,TbSysdevice,TbSysparm,TbSystemuser,TbTools,TbTypeandname
15:03:43.718  8 N - [ToolsManage]需要检查架构的实体类（26个）：TbAcinfo,TbAlarmevent,TbBoxicpower,TbDeviceplan,TbDevicetype,TbDoorrfid,TbDooruser,TbEnviridata,TbEnvirievent,TbNvrinfo,TbRecordborrow,TbRecordboxdoor,TbRecordboxpower,TbRecorddoorinout,TbRecorderr,TbRecordinroom,TbRecordpower,TbRecordscrap,TbRecordtest,TbRfidinfo,TbRoominfo,TbSysdevice,TbSysparm,TbSystemuser,TbTools,TbTypeandname
15:03:43.718  8 N - ToolsManage待检查表架构的实体个数：25
15:03:43.718  8 N - select b.name n, a.value v from sys.extended_properties a inner join sysobjects b on a.major_id=b.id and a.minor_id=0 and a.name = 'MS_Description'
15:03:43.720  8 N - SELECT 表名=d.name,字段序号=a.colorder,字段名=a.name,标识=case when COLUMNPROPERTY( a.id,a.name,'IsIdentity')=1 then Convert(Bit,1) else Convert(Bit,0) end,主键=case when exists(SELECT 1 FROM sysobjects where xtype='PK' and name in (SELECT name FROM sysindexes WHERE id = a.id AND indid in(SELECT indid FROM sysindexkeys WHERE id = a.id AND colid=a.colid))) then Convert(Bit,1) else Convert(Bit,0) end,类型=b.name,占用字节数=a.length,长度=COLUMNPROPERTY(a.id,a.name,'PRECISION'),小数位数=isnull(COLUMNPROPERTY(a.id,a.name,'Scale'),0),允许空=case when a.isnullable=1 then Convert(Bit,1)else Convert(Bit,0) end,默认值=isnull(e.text,''),字段说明=isnull(g.[value],'')FROM syscolumns a left join systypes b on a.xtype=b.xusertype inner join sysobjects d on a.id=d.id  and d.xtype='U' left join syscomments e on a.cdefault=e.id left join sys.extended_properties g on a.id=g.major_id and a.colid=g.minor_id and g.name = 'MS_Description'  order by a.id,a.colorder
15:03:43.771  8 N - select ind.* from sys.indexes ind inner join sys.objects obj on ind.object_id = obj.object_id where obj.type='u'
15:03:43.804  8 N - 检查连接[ToolsManage/SqlServer]的数据库架构耗时382ms
15:03:43.809  8 N - Select * From tb_RoomInfo Order By ID ASC
15:03:58.633  8 N - Select Top 1 * From tb_SysDevice Where ID=(SELECT MAX(ID) FROM tb_SysDevice) Order By ID Desc
15:04:01.025  8 N - Select GroupName,UserName,IcNo,CardNo,IsPower,UserId,PassWord,PowerType From tb_DoorUser Where IsGroup='人员'

#Software: ToolsManage
#ProcessID: 15764
#AppDomain: ToolsManage.vshost.exe
#BaseDirectory: F:\科能软件\库房软件\陈海涛移交\库房\软件\上海长兴库房软件\ToolsManage\ToolsManage\bin\Debug\
#CommandLine: "F:\科能软件\库房软件\陈海涛移交\库房\软件\上海长兴库房软件\ToolsManage\ToolsManage\bin\Debug\ToolsManage.vshost.exe" 
#ApplicationType: WinForm
#CLR: 4.0.30319.42000, .NET Framework 4
#OS: Windows 10.0 x64, Microsoft Windows NT 6.2.9200.0, Administrator/SHUGUANG
#Memory: 5,327M/11,985M
#CPU: 4
#Date: 2018-10-09
#字段: 时间 线程ID 线程池Y网页W普通N 线程名 消息内容
#Fields: Time ThreadID IsPoolThread ThreadName Message
16:00:40.209  9 N - NewLife.Core v6.6.2018.0211 Build 2018-06-14 10:56:08 .NET Framework 4
16:00:40.212  9 N - 组件核心库 ©2002-2017 新生命开发团队 http://git.newlifex.com/NewLife/X
16:00:40.213  9 N - ToolsManage v1.0.0.0 Build 2000-01-01 .NET Framework 4
16:00:40.213  9 N - ToolsManage Copyright © Lenovo 2015
16:00:40.213  9 N - XCode v9.6.2017.0808 Build 2018-06-14 10:56:10 .NET Framework 4
16:00:40.213  9 N - 大数据中间件 ©2002-2017 新生命开发团队 http://www.NewLifeX.com
16:00:40.822  9 N - ToolsManage 设定 Data Source=192.168.1.105;Initial Catalog=ToolsManage;user=sa;password=123456;
16:00:40.824  9 N - ToolsManage 格式 Data Source=192.168.1.105;Initial Catalog=ToolsManage;user=sa;password=123456;Pooling=false;Application Name=XCode_ToolsManage.vshost.exe_ToolsManage
16:00:40.833  9 N - 集中初始化表架构时没赶上，现在补上！
16:00:40.834  9 N - 开始同步检查表[TbRoominfo/SqlServer]的数据表架构……
16:00:40.852  9 N - System.Data.SqlClient.Sql驱动C:\windows\Microsoft.Net\assembly\GAC_32\System.Data\v4.0_4.0.0.0__b77a5c561934e089\System.Data.dll 版本v4.0.0.0
16:00:40.892  9 N - [ToolsManage]GetSchema("MetaDataCollections")
16:00:40.926  9 N - [ToolsManage]GetSchema("Databases", "ToolsManage")
16:00:40.932  9 N - select b.name n, a.value v from sys.extended_properties a inner join sysobjects b on a.major_id=b.id and a.minor_id=0 and a.name = 'MS_Description'
16:00:40.934  9 N - [ToolsManage]GetSchema("Tables")
16:00:40.936  9 N - SELECT 表名=d.name,字段序号=a.colorder,字段名=a.name,标识=case when COLUMNPROPERTY( a.id,a.name,'IsIdentity')=1 then Convert(Bit,1) else Convert(Bit,0) end,主键=case when exists(SELECT 1 FROM sysobjects where xtype='PK' and name in (SELECT name FROM sysindexes WHERE id = a.id AND indid in(SELECT indid FROM sysindexkeys WHERE id = a.id AND colid=a.colid))) then Convert(Bit,1) else Convert(Bit,0) end,类型=b.name,占用字节数=a.length,长度=COLUMNPROPERTY(a.id,a.name,'PRECISION'),小数位数=isnull(COLUMNPROPERTY(a.id,a.name,'Scale'),0),允许空=case when a.isnullable=1 then Convert(Bit,1)else Convert(Bit,0) end,默认值=isnull(e.text,''),字段说明=isnull(g.[value],'')FROM syscolumns a left join systypes b on a.xtype=b.xusertype inner join sysobjects d on a.id=d.id  and d.xtype='U' left join syscomments e on a.cdefault=e.id left join sys.extended_properties g on a.id=g.major_id and a.colid=g.minor_id and g.name = 'MS_Description'  order by a.id,a.colorder
16:00:40.992  9 N - select ind.* from sys.indexes ind inner join sys.objects obj on ind.object_id = obj.object_id where obj.type='u'
16:00:40.997  9 N - [ToolsManage]GetSchema("Columns")
16:00:41.013  9 N - [ToolsManage]GetSchema("Indexes")
16:00:41.020  9 N - [ToolsManage]GetSchema("IndexColumns")
16:00:41.060  9 N - 检查表[TbRoominfo/SqlServer]的数据表架构耗时226ms
16:00:41.062  9 N - 开始检查连接[ToolsManage/SqlServer]的数据库架构……
16:00:41.473  9 N - [ToolsManage]的所有实体类（26个）：TbAcinfo,TbAlarmevent,TbBoxicpower,TbDeviceplan,TbDevicetype,TbDoorrfid,TbDooruser,TbEnviridata,TbEnvirievent,TbNvrinfo,TbRecordborrow,TbRecordboxdoor,TbRecordboxpower,TbRecorddoorinout,TbRecorderr,TbRecordinroom,TbRecordpower,TbRecordscrap,TbRecordtest,TbRfidinfo,TbRoominfo,TbSysdevice,TbSysparm,TbSystemuser,TbTools,TbTypeandname
16:00:41.473  9 N - [ToolsManage]需要检查架构的实体类（26个）：TbAcinfo,TbAlarmevent,TbBoxicpower,TbDeviceplan,TbDevicetype,TbDoorrfid,TbDooruser,TbEnviridata,TbEnvirievent,TbNvrinfo,TbRecordborrow,TbRecordboxdoor,TbRecordboxpower,TbRecorddoorinout,TbRecorderr,TbRecordinroom,TbRecordpower,TbRecordscrap,TbRecordtest,TbRfidinfo,TbRoominfo,TbSysdevice,TbSysparm,TbSystemuser,TbTools,TbTypeandname
16:00:41.473  9 N - ToolsManage待检查表架构的实体个数：25
16:00:41.474  9 N - select b.name n, a.value v from sys.extended_properties a inner join sysobjects b on a.major_id=b.id and a.minor_id=0 and a.name = 'MS_Description'
16:00:41.475  9 N - SELECT 表名=d.name,字段序号=a.colorder,字段名=a.name,标识=case when COLUMNPROPERTY( a.id,a.name,'IsIdentity')=1 then Convert(Bit,1) else Convert(Bit,0) end,主键=case when exists(SELECT 1 FROM sysobjects where xtype='PK' and name in (SELECT name FROM sysindexes WHERE id = a.id AND indid in(SELECT indid FROM sysindexkeys WHERE id = a.id AND colid=a.colid))) then Convert(Bit,1) else Convert(Bit,0) end,类型=b.name,占用字节数=a.length,长度=COLUMNPROPERTY(a.id,a.name,'PRECISION'),小数位数=isnull(COLUMNPROPERTY(a.id,a.name,'Scale'),0),允许空=case when a.isnullable=1 then Convert(Bit,1)else Convert(Bit,0) end,默认值=isnull(e.text,''),字段说明=isnull(g.[value],'')FROM syscolumns a left join systypes b on a.xtype=b.xusertype inner join sysobjects d on a.id=d.id  and d.xtype='U' left join syscomments e on a.cdefault=e.id left join sys.extended_properties g on a.id=g.major_id and a.colid=g.minor_id and g.name = 'MS_Description'  order by a.id,a.colorder
16:00:41.526  9 N - select ind.* from sys.indexes ind inner join sys.objects obj on ind.object_id = obj.object_id where obj.type='u'
16:00:41.556  9 N - 检查连接[ToolsManage/SqlServer]的数据库架构耗时494ms
16:00:41.562  9 N - Select * From tb_RoomInfo Order By ID ASC

#Software: ToolsManage
#ProcessID: 5008
#AppDomain: ToolsManage.vshost.exe
#BaseDirectory: F:\科能软件\库房软件\陈海涛移交\库房\软件\上海长兴库房软件\ToolsManage\ToolsManage\bin\Debug\
#CommandLine: "F:\科能软件\库房软件\陈海涛移交\库房\软件\上海长兴库房软件\ToolsManage\ToolsManage\bin\Debug\ToolsManage.vshost.exe" 
#ApplicationType: WinForm
#CLR: 4.0.30319.42000, .NET Framework 4
#OS: Windows 10.0 x64, Microsoft Windows NT 6.2.9200.0, Administrator/SHUGUANG
#Memory: 5,558M/11,985M
#CPU: 4
#Date: 2018-10-09
#字段: 时间 线程ID 线程池Y网页W普通N 线程名 消息内容
#Fields: Time ThreadID IsPoolThread ThreadName Message
16:01:43.816  9 N - NewLife.Core v6.6.2018.0211 Build 2018-06-14 10:56:08 .NET Framework 4
16:01:43.819  9 N - 组件核心库 ©2002-2017 新生命开发团队 http://git.newlifex.com/NewLife/X
16:01:43.819  9 N - ToolsManage v1.0.0.0 Build 2000-01-01 .NET Framework 4
16:01:43.819  9 N - ToolsManage Copyright © Lenovo 2015
16:01:43.819  9 N - XCode v9.6.2017.0808 Build 2018-06-14 10:56:10 .NET Framework 4
16:01:43.820  9 N - 大数据中间件 ©2002-2017 新生命开发团队 http://www.NewLifeX.com
16:01:44.450  9 N - ToolsManage 设定 Data Source=192.168.1.105;Initial Catalog=ToolsManage;user=sa;password=123456;
16:01:44.452  9 N - ToolsManage 格式 Data Source=192.168.1.105;Initial Catalog=ToolsManage;user=sa;password=123456;Pooling=false;Application Name=XCode_ToolsManage.vshost.exe_ToolsManage
16:01:44.463  9 N - 集中初始化表架构时没赶上，现在补上！
16:01:44.464  9 N - 开始同步检查表[TbRoominfo/SqlServer]的数据表架构……
16:01:44.481  9 N - System.Data.SqlClient.Sql驱动C:\windows\Microsoft.Net\assembly\GAC_32\System.Data\v4.0_4.0.0.0__b77a5c561934e089\System.Data.dll 版本v4.0.0.0
16:01:44.519  9 N - [ToolsManage]GetSchema("MetaDataCollections")
16:01:44.559  9 N - [ToolsManage]GetSchema("Databases", "ToolsManage")
16:01:44.566  9 N - select b.name n, a.value v from sys.extended_properties a inner join sysobjects b on a.major_id=b.id and a.minor_id=0 and a.name = 'MS_Description'
16:01:44.568  9 N - [ToolsManage]GetSchema("Tables")
16:01:44.571  9 N - SELECT 表名=d.name,字段序号=a.colorder,字段名=a.name,标识=case when COLUMNPROPERTY( a.id,a.name,'IsIdentity')=1 then Convert(Bit,1) else Convert(Bit,0) end,主键=case when exists(SELECT 1 FROM sysobjects where xtype='PK' and name in (SELECT name FROM sysindexes WHERE id = a.id AND indid in(SELECT indid FROM sysindexkeys WHERE id = a.id AND colid=a.colid))) then Convert(Bit,1) else Convert(Bit,0) end,类型=b.name,占用字节数=a.length,长度=COLUMNPROPERTY(a.id,a.name,'PRECISION'),小数位数=isnull(COLUMNPROPERTY(a.id,a.name,'Scale'),0),允许空=case when a.isnullable=1 then Convert(Bit,1)else Convert(Bit,0) end,默认值=isnull(e.text,''),字段说明=isnull(g.[value],'')FROM syscolumns a left join systypes b on a.xtype=b.xusertype inner join sysobjects d on a.id=d.id  and d.xtype='U' left join syscomments e on a.cdefault=e.id left join sys.extended_properties g on a.id=g.major_id and a.colid=g.minor_id and g.name = 'MS_Description'  order by a.id,a.colorder
16:01:44.628  9 N - select ind.* from sys.indexes ind inner join sys.objects obj on ind.object_id = obj.object_id where obj.type='u'
16:01:44.636  9 N - [ToolsManage]GetSchema("Columns")
16:01:44.652  9 N - [ToolsManage]GetSchema("Indexes")
16:01:44.659  9 N - [ToolsManage]GetSchema("IndexColumns")
16:01:44.696  9 N - 检查表[TbRoominfo/SqlServer]的数据表架构耗时231ms
16:01:44.697  9 N - 开始检查连接[ToolsManage/SqlServer]的数据库架构……
16:01:45.009  9 N - [ToolsManage]的所有实体类（26个）：TbAcinfo,TbAlarmevent,TbBoxicpower,TbDeviceplan,TbDevicetype,TbDoorrfid,TbDooruser,TbEnviridata,TbEnvirievent,TbNvrinfo,TbRecordborrow,TbRecordboxdoor,TbRecordboxpower,TbRecorddoorinout,TbRecorderr,TbRecordinroom,TbRecordpower,TbRecordscrap,TbRecordtest,TbRfidinfo,TbRoominfo,TbSysdevice,TbSysparm,TbSystemuser,TbTools,TbTypeandname
16:01:45.009  9 N - [ToolsManage]需要检查架构的实体类（26个）：TbAcinfo,TbAlarmevent,TbBoxicpower,TbDeviceplan,TbDevicetype,TbDoorrfid,TbDooruser,TbEnviridata,TbEnvirievent,TbNvrinfo,TbRecordborrow,TbRecordboxdoor,TbRecordboxpower,TbRecorddoorinout,TbRecorderr,TbRecordinroom,TbRecordpower,TbRecordscrap,TbRecordtest,TbRfidinfo,TbRoominfo,TbSysdevice,TbSysparm,TbSystemuser,TbTools,TbTypeandname
16:01:45.010  9 N - ToolsManage待检查表架构的实体个数：25
16:01:45.010  9 N - select b.name n, a.value v from sys.extended_properties a inner join sysobjects b on a.major_id=b.id and a.minor_id=0 and a.name = 'MS_Description'
16:01:45.011  9 N - SELECT 表名=d.name,字段序号=a.colorder,字段名=a.name,标识=case when COLUMNPROPERTY( a.id,a.name,'IsIdentity')=1 then Convert(Bit,1) else Convert(Bit,0) end,主键=case when exists(SELECT 1 FROM sysobjects where xtype='PK' and name in (SELECT name FROM sysindexes WHERE id = a.id AND indid in(SELECT indid FROM sysindexkeys WHERE id = a.id AND colid=a.colid))) then Convert(Bit,1) else Convert(Bit,0) end,类型=b.name,占用字节数=a.length,长度=COLUMNPROPERTY(a.id,a.name,'PRECISION'),小数位数=isnull(COLUMNPROPERTY(a.id,a.name,'Scale'),0),允许空=case when a.isnullable=1 then Convert(Bit,1)else Convert(Bit,0) end,默认值=isnull(e.text,''),字段说明=isnull(g.[value],'')FROM syscolumns a left join systypes b on a.xtype=b.xusertype inner join sysobjects d on a.id=d.id  and d.xtype='U' left join syscomments e on a.cdefault=e.id left join sys.extended_properties g on a.id=g.major_id and a.colid=g.minor_id and g.name = 'MS_Description'  order by a.id,a.colorder
16:01:45.063  9 N - select ind.* from sys.indexes ind inner join sys.objects obj on ind.object_id = obj.object_id where obj.type='u'
16:01:45.093  9 N - 检查连接[ToolsManage/SqlServer]的数据库架构耗时394ms
16:01:45.097  9 N - Select * From tb_RoomInfo Order By ID ASC

#Software: ToolsManage
#ProcessID: 15504
#AppDomain: ToolsManage.vshost.exe
#BaseDirectory: F:\科能软件\库房软件\陈海涛移交\库房\软件\上海长兴库房软件\ToolsManage\ToolsManage\bin\Debug\
#CommandLine: "F:\科能软件\库房软件\陈海涛移交\库房\软件\上海长兴库房软件\ToolsManage\ToolsManage\bin\Debug\ToolsManage.vshost.exe" 
#ApplicationType: WinForm
#CLR: 4.0.30319.42000, .NET Framework 4
#OS: Windows 10.0 x64, Microsoft Windows NT 6.2.9200.0, Administrator/SHUGUANG
#Memory: 5,466M/11,985M
#CPU: 4
#Date: 2018-10-09
#字段: 时间 线程ID 线程池Y网页W普通N 线程名 消息内容
#Fields: Time ThreadID IsPoolThread ThreadName Message
16:04:01.694  7 N - NewLife.Core v6.6.2018.0211 Build 2018-06-14 10:56:08 .NET Framework 4
16:04:01.696  7 N - 组件核心库 ©2002-2017 新生命开发团队 http://git.newlifex.com/NewLife/X
16:04:01.696  7 N - ToolsManage v1.0.0.0 Build 2000-01-01 .NET Framework 4
16:04:01.696  7 N - ToolsManage Copyright © Lenovo 2015
16:04:01.696  7 N - XCode v9.6.2017.0808 Build 2018-06-14 10:56:10 .NET Framework 4
16:04:01.696  7 N - 大数据中间件 ©2002-2017 新生命开发团队 http://www.NewLifeX.com
16:04:02.284  7 N - ToolsManage 设定 Data Source=192.168.1.105;Initial Catalog=ToolsManage;user=sa;password=123456;
16:04:02.287  7 N - ToolsManage 格式 Data Source=192.168.1.105;Initial Catalog=ToolsManage;user=sa;password=123456;Pooling=false;Application Name=XCode_ToolsManage.vshost.exe_ToolsManage
16:04:02.296  7 N - 集中初始化表架构时没赶上，现在补上！
16:04:02.297  7 N - 开始同步检查表[TbRoominfo/SqlServer]的数据表架构……
16:04:02.316  7 N - System.Data.SqlClient.Sql驱动C:\windows\Microsoft.Net\assembly\GAC_32\System.Data\v4.0_4.0.0.0__b77a5c561934e089\System.Data.dll 版本v4.0.0.0
16:04:02.351  7 N - [ToolsManage]GetSchema("MetaDataCollections")
16:04:02.387  7 N - [ToolsManage]GetSchema("Databases", "ToolsManage")
16:04:02.394  7 N - select b.name n, a.value v from sys.extended_properties a inner join sysobjects b on a.major_id=b.id and a.minor_id=0 and a.name = 'MS_Description'
16:04:02.396  7 N - [ToolsManage]GetSchema("Tables")
16:04:02.399  7 N - SELECT 表名=d.name,字段序号=a.colorder,字段名=a.name,标识=case when COLUMNPROPERTY( a.id,a.name,'IsIdentity')=1 then Convert(Bit,1) else Convert(Bit,0) end,主键=case when exists(SELECT 1 FROM sysobjects where xtype='PK' and name in (SELECT name FROM sysindexes WHERE id = a.id AND indid in(SELECT indid FROM sysindexkeys WHERE id = a.id AND colid=a.colid))) then Convert(Bit,1) else Convert(Bit,0) end,类型=b.name,占用字节数=a.length,长度=COLUMNPROPERTY(a.id,a.name,'PRECISION'),小数位数=isnull(COLUMNPROPERTY(a.id,a.name,'Scale'),0),允许空=case when a.isnullable=1 then Convert(Bit,1)else Convert(Bit,0) end,默认值=isnull(e.text,''),字段说明=isnull(g.[value],'')FROM syscolumns a left join systypes b on a.xtype=b.xusertype inner join sysobjects d on a.id=d.id  and d.xtype='U' left join syscomments e on a.cdefault=e.id left join sys.extended_properties g on a.id=g.major_id and a.colid=g.minor_id and g.name = 'MS_Description'  order by a.id,a.colorder
16:04:02.471  7 N - select ind.* from sys.indexes ind inner join sys.objects obj on ind.object_id = obj.object_id where obj.type='u'
16:04:02.476  7 N - [ToolsManage]GetSchema("Columns")
16:04:02.498  7 N - [ToolsManage]GetSchema("Indexes")
16:04:02.506  7 N - [ToolsManage]GetSchema("IndexColumns")
16:04:02.542  7 N - 检查表[TbRoominfo/SqlServer]的数据表架构耗时244ms
16:04:02.543  7 N - 开始检查连接[ToolsManage/SqlServer]的数据库架构……
16:04:02.922  7 N - [ToolsManage]的所有实体类（26个）：TbAcinfo,TbAlarmevent,TbBoxicpower,TbDeviceplan,TbDevicetype,TbDoorrfid,TbDooruser,TbEnviridata,TbEnvirievent,TbNvrinfo,TbRecordborrow,TbRecordboxdoor,TbRecordboxpower,TbRecorddoorinout,TbRecorderr,TbRecordinroom,TbRecordpower,TbRecordscrap,TbRecordtest,TbRfidinfo,TbRoominfo,TbSysdevice,TbSysparm,TbSystemuser,TbTools,TbTypeandname
16:04:02.922  7 N - [ToolsManage]需要检查架构的实体类（26个）：TbAcinfo,TbAlarmevent,TbBoxicpower,TbDeviceplan,TbDevicetype,TbDoorrfid,TbDooruser,TbEnviridata,TbEnvirievent,TbNvrinfo,TbRecordborrow,TbRecordboxdoor,TbRecordboxpower,TbRecorddoorinout,TbRecorderr,TbRecordinroom,TbRecordpower,TbRecordscrap,TbRecordtest,TbRfidinfo,TbRoominfo,TbSysdevice,TbSysparm,TbSystemuser,TbTools,TbTypeandname
16:04:02.922  7 N - ToolsManage待检查表架构的实体个数：25
16:04:02.922  7 N - select b.name n, a.value v from sys.extended_properties a inner join sysobjects b on a.major_id=b.id and a.minor_id=0 and a.name = 'MS_Description'
16:04:02.924  7 N - SELECT 表名=d.name,字段序号=a.colorder,字段名=a.name,标识=case when COLUMNPROPERTY( a.id,a.name,'IsIdentity')=1 then Convert(Bit,1) else Convert(Bit,0) end,主键=case when exists(SELECT 1 FROM sysobjects where xtype='PK' and name in (SELECT name FROM sysindexes WHERE id = a.id AND indid in(SELECT indid FROM sysindexkeys WHERE id = a.id AND colid=a.colid))) then Convert(Bit,1) else Convert(Bit,0) end,类型=b.name,占用字节数=a.length,长度=COLUMNPROPERTY(a.id,a.name,'PRECISION'),小数位数=isnull(COLUMNPROPERTY(a.id,a.name,'Scale'),0),允许空=case when a.isnullable=1 then Convert(Bit,1)else Convert(Bit,0) end,默认值=isnull(e.text,''),字段说明=isnull(g.[value],'')FROM syscolumns a left join systypes b on a.xtype=b.xusertype inner join sysobjects d on a.id=d.id  and d.xtype='U' left join syscomments e on a.cdefault=e.id left join sys.extended_properties g on a.id=g.major_id and a.colid=g.minor_id and g.name = 'MS_Description'  order by a.id,a.colorder
16:04:02.996  7 N - select ind.* from sys.indexes ind inner join sys.objects obj on ind.object_id = obj.object_id where obj.type='u'
16:04:03.021  7 N - 检查连接[ToolsManage/SqlServer]的数据库架构耗时477ms
16:04:03.026  7 N - Select * From tb_RoomInfo Order By ID ASC

#Software: ToolsManage
#ProcessID: 15732
#AppDomain: ToolsManage.vshost.exe
#BaseDirectory: F:\科能软件\库房软件\陈海涛移交\库房\软件\上海长兴库房软件\ToolsManage\ToolsManage\bin\Debug\
#CommandLine: "F:\科能软件\库房软件\陈海涛移交\库房\软件\上海长兴库房软件\ToolsManage\ToolsManage\bin\Debug\ToolsManage.vshost.exe" 
#ApplicationType: WinForm
#CLR: 4.0.30319.42000, .NET Framework 4
#OS: Windows 10.0 x64, Microsoft Windows NT 6.2.9200.0, Administrator/SHUGUANG
#Memory: 5,472M/11,985M
#CPU: 4
#Date: 2018-10-09
#字段: 时间 线程ID 线程池Y网页W普通N 线程名 消息内容
#Fields: Time ThreadID IsPoolThread ThreadName Message
16:05:20.338 10 N - NewLife.Core v6.6.2018.0211 Build 2018-06-14 10:56:08 .NET Framework 4
16:05:20.340 10 N - 组件核心库 ©2002-2017 新生命开发团队 http://git.newlifex.com/NewLife/X
16:05:20.340 10 N - ToolsManage v1.0.0.0 Build 2000-01-01 .NET Framework 4
16:05:20.340 10 N - ToolsManage Copyright © Lenovo 2015
16:05:20.340 10 N - XCode v9.6.2017.0808 Build 2018-06-14 10:56:10 .NET Framework 4
16:05:20.340 10 N - 大数据中间件 ©2002-2017 新生命开发团队 http://www.NewLifeX.com
16:05:20.974 10 N - ToolsManage 设定 Data Source=192.168.1.105;Initial Catalog=ToolsManage;user=sa;password=123456;
16:05:20.976 10 N - ToolsManage 格式 Data Source=192.168.1.105;Initial Catalog=ToolsManage;user=sa;password=123456;Pooling=false;Application Name=XCode_ToolsManage.vshost.exe_ToolsManage
16:05:20.987 10 N - 集中初始化表架构时没赶上，现在补上！
16:05:20.989 10 N - 开始同步检查表[TbRoominfo/SqlServer]的数据表架构……
16:05:21.006 10 N - System.Data.SqlClient.Sql驱动C:\windows\Microsoft.Net\assembly\GAC_32\System.Data\v4.0_4.0.0.0__b77a5c561934e089\System.Data.dll 版本v4.0.0.0
16:05:21.034 10 N - [ToolsManage]GetSchema("MetaDataCollections")
16:05:21.067 10 N - [ToolsManage]GetSchema("Databases", "ToolsManage")
16:05:21.076 10 N - select b.name n, a.value v from sys.extended_properties a inner join sysobjects b on a.major_id=b.id and a.minor_id=0 and a.name = 'MS_Description'
16:05:21.077 10 N - [ToolsManage]GetSchema("Tables")
16:05:21.080 10 N - SELECT 表名=d.name,字段序号=a.colorder,字段名=a.name,标识=case when COLUMNPROPERTY( a.id,a.name,'IsIdentity')=1 then Convert(Bit,1) else Convert(Bit,0) end,主键=case when exists(SELECT 1 FROM sysobjects where xtype='PK' and name in (SELECT name FROM sysindexes WHERE id = a.id AND indid in(SELECT indid FROM sysindexkeys WHERE id = a.id AND colid=a.colid))) then Convert(Bit,1) else Convert(Bit,0) end,类型=b.name,占用字节数=a.length,长度=COLUMNPROPERTY(a.id,a.name,'PRECISION'),小数位数=isnull(COLUMNPROPERTY(a.id,a.name,'Scale'),0),允许空=case when a.isnullable=1 then Convert(Bit,1)else Convert(Bit,0) end,默认值=isnull(e.text,''),字段说明=isnull(g.[value],'')FROM syscolumns a left join systypes b on a.xtype=b.xusertype inner join sysobjects d on a.id=d.id  and d.xtype='U' left join syscomments e on a.cdefault=e.id left join sys.extended_properties g on a.id=g.major_id and a.colid=g.minor_id and g.name = 'MS_Description'  order by a.id,a.colorder
16:05:21.129 10 N - select ind.* from sys.indexes ind inner join sys.objects obj on ind.object_id = obj.object_id where obj.type='u'
16:05:21.134 10 N - [ToolsManage]GetSchema("Columns")
16:05:21.151 10 N - [ToolsManage]GetSchema("Indexes")
16:05:21.158 10 N - [ToolsManage]GetSchema("IndexColumns")
16:05:21.190 10 N - 检查表[TbRoominfo/SqlServer]的数据表架构耗时199ms
16:05:21.191 10 N - 开始检查连接[ToolsManage/SqlServer]的数据库架构……
16:05:21.495 10 N - [ToolsManage]的所有实体类（26个）：TbAcinfo,TbAlarmevent,TbBoxicpower,TbDeviceplan,TbDevicetype,TbDoorrfid,TbDooruser,TbEnviridata,TbEnvirievent,TbNvrinfo,TbRecordborrow,TbRecordboxdoor,TbRecordboxpower,TbRecorddoorinout,TbRecorderr,TbRecordinroom,TbRecordpower,TbRecordscrap,TbRecordtest,TbRfidinfo,TbRoominfo,TbSysdevice,TbSysparm,TbSystemuser,TbTools,TbTypeandname
16:05:21.495 10 N - [ToolsManage]需要检查架构的实体类（26个）：TbAcinfo,TbAlarmevent,TbBoxicpower,TbDeviceplan,TbDevicetype,TbDoorrfid,TbDooruser,TbEnviridata,TbEnvirievent,TbNvrinfo,TbRecordborrow,TbRecordboxdoor,TbRecordboxpower,TbRecorddoorinout,TbRecorderr,TbRecordinroom,TbRecordpower,TbRecordscrap,TbRecordtest,TbRfidinfo,TbRoominfo,TbSysdevice,TbSysparm,TbSystemuser,TbTools,TbTypeandname
16:05:21.495 10 N - ToolsManage待检查表架构的实体个数：25
16:05:21.495 10 N - select b.name n, a.value v from sys.extended_properties a inner join sysobjects b on a.major_id=b.id and a.minor_id=0 and a.name = 'MS_Description'
16:05:21.496 10 N - SELECT 表名=d.name,字段序号=a.colorder,字段名=a.name,标识=case when COLUMNPROPERTY( a.id,a.name,'IsIdentity')=1 then Convert(Bit,1) else Convert(Bit,0) end,主键=case when exists(SELECT 1 FROM sysobjects where xtype='PK' and name in (SELECT name FROM sysindexes WHERE id = a.id AND indid in(SELECT indid FROM sysindexkeys WHERE id = a.id AND colid=a.colid))) then Convert(Bit,1) else Convert(Bit,0) end,类型=b.name,占用字节数=a.length,长度=COLUMNPROPERTY(a.id,a.name,'PRECISION'),小数位数=isnull(COLUMNPROPERTY(a.id,a.name,'Scale'),0),允许空=case when a.isnullable=1 then Convert(Bit,1)else Convert(Bit,0) end,默认值=isnull(e.text,''),字段说明=isnull(g.[value],'')FROM syscolumns a left join systypes b on a.xtype=b.xusertype inner join sysobjects d on a.id=d.id  and d.xtype='U' left join syscomments e on a.cdefault=e.id left join sys.extended_properties g on a.id=g.major_id and a.colid=g.minor_id and g.name = 'MS_Description'  order by a.id,a.colorder
16:05:21.547 10 N - select ind.* from sys.indexes ind inner join sys.objects obj on ind.object_id = obj.object_id where obj.type='u'
16:05:21.567 10 N - 检查连接[ToolsManage/SqlServer]的数据库架构耗时376ms
16:05:21.573 10 N - Select * From tb_RoomInfo Order By ID ASC

#Software: ToolsManage
#ProcessID: 11716
#AppDomain: ToolsManage.vshost.exe
#BaseDirectory: F:\科能软件\库房软件\陈海涛移交\库房\软件\上海长兴库房软件\ToolsManage\ToolsManage\bin\Debug\
#CommandLine: "F:\科能软件\库房软件\陈海涛移交\库房\软件\上海长兴库房软件\ToolsManage\ToolsManage\bin\Debug\ToolsManage.vshost.exe" 
#ApplicationType: WinForm
#CLR: 4.0.30319.42000, .NET Framework 4
#OS: Windows 10.0 x64, Microsoft Windows NT 6.2.9200.0, Administrator/SHUGUANG
#Memory: 5,488M/11,985M
#CPU: 4
#Date: 2018-10-09
#字段: 时间 线程ID 线程池Y网页W普通N 线程名 消息内容
#Fields: Time ThreadID IsPoolThread ThreadName Message
16:08:06.906  9 N - NewLife.Core v6.6.2018.0211 Build 2018-06-14 10:56:08 .NET Framework 4
16:08:06.908  9 N - 组件核心库 ©2002-2017 新生命开发团队 http://git.newlifex.com/NewLife/X
16:08:06.909  9 N - ToolsManage v1.0.0.0 Build 2000-01-01 .NET Framework 4
16:08:06.909  9 N - ToolsManage Copyright © Lenovo 2015
16:08:06.909  9 N - XCode v9.6.2017.0808 Build 2018-06-14 10:56:10 .NET Framework 4
16:08:06.909  9 N - 大数据中间件 ©2002-2017 新生命开发团队 http://www.NewLifeX.com
16:08:07.519  9 N - ToolsManage 设定 Data Source=192.168.1.105;Initial Catalog=ToolsManage;user=sa;password=123456;
16:08:07.521  9 N - ToolsManage 格式 Data Source=192.168.1.105;Initial Catalog=ToolsManage;user=sa;password=123456;Pooling=false;Application Name=XCode_ToolsManage.vshost.exe_ToolsManage
16:08:07.530  9 N - 集中初始化表架构时没赶上，现在补上！
16:08:07.531  9 N - 开始同步检查表[TbRoominfo/SqlServer]的数据表架构……
16:08:07.550  9 N - System.Data.SqlClient.Sql驱动C:\windows\Microsoft.Net\assembly\GAC_32\System.Data\v4.0_4.0.0.0__b77a5c561934e089\System.Data.dll 版本v4.0.0.0
16:08:07.578  9 N - [ToolsManage]GetSchema("MetaDataCollections")
16:08:07.619  9 N - [ToolsManage]GetSchema("Databases", "ToolsManage")
16:08:07.628  9 N - select b.name n, a.value v from sys.extended_properties a inner join sysobjects b on a.major_id=b.id and a.minor_id=0 and a.name = 'MS_Description'
16:08:07.631  9 N - [ToolsManage]GetSchema("Tables")
16:08:07.634  9 N - SELECT 表名=d.name,字段序号=a.colorder,字段名=a.name,标识=case when COLUMNPROPERTY( a.id,a.name,'IsIdentity')=1 then Convert(Bit,1) else Convert(Bit,0) end,主键=case when exists(SELECT 1 FROM sysobjects where xtype='PK' and name in (SELECT name FROM sysindexes WHERE id = a.id AND indid in(SELECT indid FROM sysindexkeys WHERE id = a.id AND colid=a.colid))) then Convert(Bit,1) else Convert(Bit,0) end,类型=b.name,占用字节数=a.length,长度=COLUMNPROPERTY(a.id,a.name,'PRECISION'),小数位数=isnull(COLUMNPROPERTY(a.id,a.name,'Scale'),0),允许空=case when a.isnullable=1 then Convert(Bit,1)else Convert(Bit,0) end,默认值=isnull(e.text,''),字段说明=isnull(g.[value],'')FROM syscolumns a left join systypes b on a.xtype=b.xusertype inner join sysobjects d on a.id=d.id  and d.xtype='U' left join syscomments e on a.cdefault=e.id left join sys.extended_properties g on a.id=g.major_id and a.colid=g.minor_id and g.name = 'MS_Description'  order by a.id,a.colorder
16:08:07.691  9 N - select ind.* from sys.indexes ind inner join sys.objects obj on ind.object_id = obj.object_id where obj.type='u'
16:08:07.698  9 N - [ToolsManage]GetSchema("Columns")
16:08:07.715  9 N - [ToolsManage]GetSchema("Indexes")
16:08:07.722  9 N - [ToolsManage]GetSchema("IndexColumns")
16:08:07.770  9 N - 检查表[TbRoominfo/SqlServer]的数据表架构耗时238ms
16:08:07.772  9 N - 开始检查连接[ToolsManage/SqlServer]的数据库架构……
16:08:08.269  9 N - [ToolsManage]的所有实体类（26个）：TbAcinfo,TbAlarmevent,TbBoxicpower,TbDeviceplan,TbDevicetype,TbDoorrfid,TbDooruser,TbEnviridata,TbEnvirievent,TbNvrinfo,TbRecordborrow,TbRecordboxdoor,TbRecordboxpower,TbRecorddoorinout,TbRecorderr,TbRecordinroom,TbRecordpower,TbRecordscrap,TbRecordtest,TbRfidinfo,TbRoominfo,TbSysdevice,TbSysparm,TbSystemuser,TbTools,TbTypeandname
16:08:08.269  9 N - [ToolsManage]需要检查架构的实体类（26个）：TbAcinfo,TbAlarmevent,TbBoxicpower,TbDeviceplan,TbDevicetype,TbDoorrfid,TbDooruser,TbEnviridata,TbEnvirievent,TbNvrinfo,TbRecordborrow,TbRecordboxdoor,TbRecordboxpower,TbRecorddoorinout,TbRecorderr,TbRecordinroom,TbRecordpower,TbRecordscrap,TbRecordtest,TbRfidinfo,TbRoominfo,TbSysdevice,TbSysparm,TbSystemuser,TbTools,TbTypeandname
16:08:08.269  9 N - ToolsManage待检查表架构的实体个数：25
16:08:08.269  9 N - select b.name n, a.value v from sys.extended_properties a inner join sysobjects b on a.major_id=b.id and a.minor_id=0 and a.name = 'MS_Description'
16:08:08.270  9 N - SELECT 表名=d.name,字段序号=a.colorder,字段名=a.name,标识=case when COLUMNPROPERTY( a.id,a.name,'IsIdentity')=1 then Convert(Bit,1) else Convert(Bit,0) end,主键=case when exists(SELECT 1 FROM sysobjects where xtype='PK' and name in (SELECT name FROM sysindexes WHERE id = a.id AND indid in(SELECT indid FROM sysindexkeys WHERE id = a.id AND colid=a.colid))) then Convert(Bit,1) else Convert(Bit,0) end,类型=b.name,占用字节数=a.length,长度=COLUMNPROPERTY(a.id,a.name,'PRECISION'),小数位数=isnull(COLUMNPROPERTY(a.id,a.name,'Scale'),0),允许空=case when a.isnullable=1 then Convert(Bit,1)else Convert(Bit,0) end,默认值=isnull(e.text,''),字段说明=isnull(g.[value],'')FROM syscolumns a left join systypes b on a.xtype=b.xusertype inner join sysobjects d on a.id=d.id  and d.xtype='U' left join syscomments e on a.cdefault=e.id left join sys.extended_properties g on a.id=g.major_id and a.colid=g.minor_id and g.name = 'MS_Description'  order by a.id,a.colorder
16:08:08.325  9 N - select ind.* from sys.indexes ind inner join sys.objects obj on ind.object_id = obj.object_id where obj.type='u'
16:08:08.360  9 N - 检查连接[ToolsManage/SqlServer]的数据库架构耗时587ms
16:08:08.366  9 N - Select * From tb_RoomInfo Order By ID ASC

#Software: ToolsManage
#ProcessID: 10204
#AppDomain: ToolsManage.vshost.exe
#BaseDirectory: F:\科能软件\库房软件\陈海涛移交\库房\软件\上海长兴库房软件\ToolsManage\ToolsManage\bin\Debug\
#CommandLine: "F:\科能软件\库房软件\陈海涛移交\库房\软件\上海长兴库房软件\ToolsManage\ToolsManage\bin\Debug\ToolsManage.vshost.exe" 
#ApplicationType: WinForm
#CLR: 4.0.30319.42000, .NET Framework 4
#OS: Windows 10.0 x64, Microsoft Windows NT 6.2.9200.0, Administrator/SHUGUANG
#Memory: 5,433M/11,985M
#CPU: 4
#Date: 2018-10-09
#字段: 时间 线程ID 线程池Y网页W普通N 线程名 消息内容
#Fields: Time ThreadID IsPoolThread ThreadName Message
16:10:12.177  8 N - NewLife.Core v6.6.2018.0211 Build 2018-06-14 10:56:08 .NET Framework 4
16:10:12.179  8 N - 组件核心库 ©2002-2017 新生命开发团队 http://git.newlifex.com/NewLife/X
16:10:12.180  8 N - ToolsManage v1.0.0.0 Build 2000-01-01 .NET Framework 4
16:10:12.180  8 N - ToolsManage Copyright © Lenovo 2015
16:10:12.180  8 N - XCode v9.6.2017.0808 Build 2018-06-14 10:56:10 .NET Framework 4
16:10:12.180  8 N - 大数据中间件 ©2002-2017 新生命开发团队 http://www.NewLifeX.com
16:10:12.918  8 N - ToolsManage 设定 Data Source=192.168.1.105;Initial Catalog=ToolsManage;user=sa;password=123456;
16:10:12.920  8 N - ToolsManage 格式 Data Source=192.168.1.105;Initial Catalog=ToolsManage;user=sa;password=123456;Pooling=false;Application Name=XCode_ToolsManage.vshost.exe_ToolsManage
16:10:12.931  8 N - 集中初始化表架构时没赶上，现在补上！
16:10:12.933  8 N - 开始同步检查表[TbRoominfo/SqlServer]的数据表架构……
16:10:12.954  8 N - System.Data.SqlClient.Sql驱动C:\windows\Microsoft.Net\assembly\GAC_32\System.Data\v4.0_4.0.0.0__b77a5c561934e089\System.Data.dll 版本v4.0.0.0
16:10:12.979  8 N - [ToolsManage]GetSchema("MetaDataCollections")
16:10:13.013  8 N - [ToolsManage]GetSchema("Databases", "ToolsManage")
16:10:13.021  8 N - select b.name n, a.value v from sys.extended_properties a inner join sysobjects b on a.major_id=b.id and a.minor_id=0 and a.name = 'MS_Description'
16:10:13.026  8 N - [ToolsManage]GetSchema("Tables")
16:10:13.029  8 N - SELECT 表名=d.name,字段序号=a.colorder,字段名=a.name,标识=case when COLUMNPROPERTY( a.id,a.name,'IsIdentity')=1 then Convert(Bit,1) else Convert(Bit,0) end,主键=case when exists(SELECT 1 FROM sysobjects where xtype='PK' and name in (SELECT name FROM sysindexes WHERE id = a.id AND indid in(SELECT indid FROM sysindexkeys WHERE id = a.id AND colid=a.colid))) then Convert(Bit,1) else Convert(Bit,0) end,类型=b.name,占用字节数=a.length,长度=COLUMNPROPERTY(a.id,a.name,'PRECISION'),小数位数=isnull(COLUMNPROPERTY(a.id,a.name,'Scale'),0),允许空=case when a.isnullable=1 then Convert(Bit,1)else Convert(Bit,0) end,默认值=isnull(e.text,''),字段说明=isnull(g.[value],'')FROM syscolumns a left join systypes b on a.xtype=b.xusertype inner join sysobjects d on a.id=d.id  and d.xtype='U' left join syscomments e on a.cdefault=e.id left join sys.extended_properties g on a.id=g.major_id and a.colid=g.minor_id and g.name = 'MS_Description'  order by a.id,a.colorder
16:10:13.093  8 N - select ind.* from sys.indexes ind inner join sys.objects obj on ind.object_id = obj.object_id where obj.type='u'
16:10:13.100  8 N - [ToolsManage]GetSchema("Columns")
16:10:13.120  8 N - [ToolsManage]GetSchema("Indexes")
16:10:13.128  8 N - [ToolsManage]GetSchema("IndexColumns")
16:10:13.172  8 N - 检查表[TbRoominfo/SqlServer]的数据表架构耗时239ms
16:10:13.174  8 N - 开始检查连接[ToolsManage/SqlServer]的数据库架构……
