#Software: ToolsManage
#ProcessID: 11256
#AppDomain: ToolsManage.vshost.exe
#BaseDirectory: F:\科能软件\库房软件\陈海涛移交\库房\软件\浙江库房\三门库房软件\ToolsManage\ToolsManage\bin\Debug\
#CommandLine: "F:\科能软件\库房软件\陈海涛移交\库房\软件\浙江库房\三门库房软件\ToolsManage\ToolsManage\bin\Debug\ToolsManage.vshost.exe" 
#ApplicationType: WinForm
#CLR: 4.0.30319.42000, .NET Framework 4
#OS: Windows 10.0 x64, Microsoft Windows NT 6.2.9200.0, shuguang/DESKTOP-GSLKHML
#Memory: 6,146M/11,969M
#CPU: 4
#Date: 2018-11-13
#字段: 时间 线程ID 线程池Y网页W普通N 线程名 消息内容
#Fields: Time ThreadID IsPoolThread ThreadName Message
14:00:36.148 10 N - NewLife.Core v6.6.2018.0211 Build 2018-06-14 10:56:08 .NET Framework 4
14:00:36.152 10 N - 组件核心库 ©2002-2017 新生命开发团队 http://git.newlifex.com/NewLife/X
14:00:36.152 10 N - ToolsManage v1.0.0.0 Build 2000-01-01 .NET Framework 4
14:00:36.152 10 N - ToolsManage Copyright © Lenovo 2015
14:00:36.152 10 N - XCode v9.6.2017.0808 Build 2018-06-14 10:56:10 .NET Framework 4
14:00:36.153 10 N - 大数据中间件 ©2002-2017 新生命开发团队 http://www.NewLifeX.com
14:00:37.415 10 N - ToolsManage 设定 Data Source=.;Initial Catalog=ToolsManage;user=sa;password=123456;
14:00:37.418 10 N - ToolsManage 格式 Data Source=.;Initial Catalog=ToolsManage;user=sa;password=123456;Pooling=false;Application Name=XCode_ToolsManage.vshost.exe_ToolsManage
14:00:37.432 10 N - 集中初始化表架构时没赶上，现在补上！
14:00:37.433 10 N - 开始同步检查表[TbRoominfo/SqlServer]的数据表架构……
14:00:37.449 10 N - System.Data.SqlClient.Sql驱动C:\WINDOWS\Microsoft.Net\assembly\GAC_32\System.Data\v4.0_4.0.0.0__b77a5c561934e089\System.Data.dll 版本v4.0.0.0
14:00:37.470 10 N - [ToolsManage]GetSchema("MetaDataCollections")
14:00:37.748 10 N - [ToolsManage]GetSchema("Databases", "ToolsManage")
14:00:37.840 10 N - select b.name n, a.value v from sys.extended_properties a inner join sysobjects b on a.major_id=b.id and a.minor_id=0 and a.name = 'MS_Description'
14:00:37.857 10 N - [ToolsManage]GetSchema("Tables")
14:00:37.874 10 N - SELECT 表名=d.name,字段序号=a.colorder,字段名=a.name,标识=case when COLUMNPROPERTY( a.id,a.name,'IsIdentity')=1 then Convert(Bit,1) else Convert(Bit,0) end,主键=case when exists(SELECT 1 FROM sysobjects where xtype='PK' and name in (SELECT name FROM sysindexes WHERE id = a.id AND indid in(SELECT indid FROM sysindexkeys WHERE id = a.id AND colid=a.colid))) then Convert(Bit,1) else Convert(Bit,0) end,类型=b.name,占用字节数=a.length,长度=COLUMNPROPERTY(a.id,a.name,'PRECISION'),小数位数=isnull(COLUMNPROPERTY(a.id,a.name,'Scale'),0),允许空=case when a.isnullable=1 then Convert(Bit,1)else Convert(Bit,0) end,默认值=isnull(e.text,''),字段说明=isnull(g.[value],'')FROM syscolumns a left join systypes b on a.xtype=b.xusertype inner join sysobjects d on a.id=d.id  and d.xtype='U' left join syscomments e on a.cdefault=e.id left join sys.extended_properties g on a.id=g.major_id and a.colid=g.minor_id and g.name = 'MS_Description'  order by a.id,a.colorder
14:00:38.018 10 N - select ind.* from sys.indexes ind inner join sys.objects obj on ind.object_id = obj.object_id where obj.type='u'
14:00:38.092 10 N - [ToolsManage]GetSchema("Columns")
14:00:38.118 10 N - [ToolsManage]GetSchema("Indexes")
14:00:38.139 10 N - [ToolsManage]GetSchema("IndexColumns")
14:00:38.209 10 N - 检查表[TbRoominfo/SqlServer]的数据表架构耗时775ms
14:00:38.210 10 N - 开始检查连接[ToolsManage/SqlServer]的数据库架构……
14:00:38.745 10 N - [ToolsManage]的所有实体类（26个）：TbAcinfo,TbAlarmevent,TbBoxicpower,TbDeviceplan,TbDevicetype,TbDoorrfid,TbDooruser,TbEnviridata,TbEnvirievent,TbNvrinfo,TbRecordborrow,TbRecordboxdoor,TbRecordboxpower,TbRecorddoorinout,TbRecorderr,TbRecordinroom,TbRecordpower,TbRecordscrap,TbRecordtest,TbRfidinfo,TbRoominfo,TbSysdevice,TbSysparm,TbSystemuser,TbTools,TbTypeandname
14:00:38.745 10 N - [ToolsManage]需要检查架构的实体类（26个）：TbAcinfo,TbAlarmevent,TbBoxicpower,TbDeviceplan,TbDevicetype,TbDoorrfid,TbDooruser,TbEnviridata,TbEnvirievent,TbNvrinfo,TbRecordborrow,TbRecordboxdoor,TbRecordboxpower,TbRecorddoorinout,TbRecorderr,TbRecordinroom,TbRecordpower,TbRecordscrap,TbRecordtest,TbRfidinfo,TbRoominfo,TbSysdevice,TbSysparm,TbSystemuser,TbTools,TbTypeandname
14:00:38.746 10 N - ToolsManage待检查表架构的实体个数：25
14:00:38.746 10 N - select b.name n, a.value v from sys.extended_properties a inner join sysobjects b on a.major_id=b.id and a.minor_id=0 and a.name = 'MS_Description'
14:00:38.746 10 N - SELECT 表名=d.name,字段序号=a.colorder,字段名=a.name,标识=case when COLUMNPROPERTY( a.id,a.name,'IsIdentity')=1 then Convert(Bit,1) else Convert(Bit,0) end,主键=case when exists(SELECT 1 FROM sysobjects where xtype='PK' and name in (SELECT name FROM sysindexes WHERE id = a.id AND indid in(SELECT indid FROM sysindexkeys WHERE id = a.id AND colid=a.colid))) then Convert(Bit,1) else Convert(Bit,0) end,类型=b.name,占用字节数=a.length,长度=COLUMNPROPERTY(a.id,a.name,'PRECISION'),小数位数=isnull(COLUMNPROPERTY(a.id,a.name,'Scale'),0),允许空=case when a.isnullable=1 then Convert(Bit,1)else Convert(Bit,0) end,默认值=isnull(e.text,''),字段说明=isnull(g.[value],'')FROM syscolumns a left join systypes b on a.xtype=b.xusertype inner join sysobjects d on a.id=d.id  and d.xtype='U' left join syscomments e on a.cdefault=e.id left join sys.extended_properties g on a.id=g.major_id and a.colid=g.minor_id and g.name = 'MS_Description'  order by a.id,a.colorder
14:00:38.828 10 N - select ind.* from sys.indexes ind inner join sys.objects obj on ind.object_id = obj.object_id where obj.type='u'
14:00:38.859 10 N - 检查连接[ToolsManage/SqlServer]的数据库架构耗时649ms
14:00:38.866 10 N - Select * From tb_RoomInfo Order By ID ASC
