#Software: ToolsManage
#ProcessID: 8144
#AppDomain: ToolsManage.exe
#BaseDirectory: F:\科能软件\库房软件\陈海涛移交\库房\软件\上海长兴库房软件\ToolsManage\ToolsManage\bin\Debug\
#CommandLine: "F:\科能软件\库房软件\陈海涛移交\库房\软件\上海长兴库房软件\ToolsManage\ToolsManage\bin\Debug\ToolsManage.exe" 
#ApplicationType: WinForm
#CLR: 4.0.30319.42000, .NET Framework 4
#OS: Windows 10.0 x64, Microsoft Windows NT 6.2.9200.0, Administrator/SHUGUANG
#Memory: 6,458M/11,985M
#CPU: 4
#Date: 2018-09-08
#字段: 时间 线程ID 线程池Y网页W普通N 线程名 消息内容
#Fields: Time ThreadID IsPoolThread ThreadName Message
08:34:30.931  1 N - NewLife.Core v6.6.2018.0211 Build 2018-06-14 10:56:08 .NET Framework 4
08:34:30.938  1 N - 组件核心库 ©2002-2017 新生命开发团队 http://git.newlifex.com/NewLife/X
08:34:30.938  1 N - ToolsManage v1.0.0.0 Build 2000-01-01 .NET Framework 4
08:34:30.938  1 N - ToolsManage Copyright © Lenovo 2015
08:34:30.938  1 N - XCode v9.6.2017.0808 Build 2018-06-14 10:56:10 .NET Framework 4
08:34:30.939  1 N - 大数据中间件 ©2002-2017 新生命开发团队 http://www.NewLifeX.com
08:34:33.668  1 N - ToolsManage 设定 Data Source=.;Initial Catalog=ToolsManage;user=sa;password=123456;
08:34:33.671  1 N - ToolsManage 格式 Data Source=.;Initial Catalog=ToolsManage;user=sa;password=123456;Pooling=false;Application Name=XCode_ToolsManage.exe_ToolsManage
08:34:33.682  1 N - 集中初始化表架构时没赶上，现在补上！
08:34:33.683  1 N - 开始同步检查表[TbRoominfo/SqlServer]的数据表架构……
08:34:33.730  1 N - System.Data.SqlClient.Sql驱动C:\windows\Microsoft.Net\assembly\GAC_32\System.Data\v4.0_4.0.0.0__b77a5c561934e089\System.Data.dll 版本v4.0.0.0
08:34:33.766  1 N - [ToolsManage]GetSchema("MetaDataCollections")
08:34:33.827  1 N - [ToolsManage]GetSchema("Databases", "ToolsManage")
08:34:34.105  1 N - select b.name n, a.value v from sys.extended_properties a inner join sysobjects b on a.major_id=b.id and a.minor_id=0 and a.name = 'MS_Description'
08:34:34.209  1 N - [ToolsManage]GetSchema("Tables")
08:34:34.378  1 N - SELECT 表名=d.name,字段序号=a.colorder,字段名=a.name,标识=case when COLUMNPROPERTY( a.id,a.name,'IsIdentity')=1 then Convert(Bit,1) else Convert(Bit,0) end,主键=case when exists(SELECT 1 FROM sysobjects where xtype='PK' and name in (SELECT name FROM sysindexes WHERE id = a.id AND indid in(SELECT indid FROM sysindexkeys WHERE id = a.id AND colid=a.colid))) then Convert(Bit,1) else Convert(Bit,0) end,类型=b.name,占用字节数=a.length,长度=COLUMNPROPERTY(a.id,a.name,'PRECISION'),小数位数=isnull(COLUMNPROPERTY(a.id,a.name,'Scale'),0),允许空=case when a.isnullable=1 then Convert(Bit,1)else Convert(Bit,0) end,默认值=isnull(e.text,''),字段说明=isnull(g.[value],'')FROM syscolumns a left join systypes b on a.xtype=b.xusertype inner join sysobjects d on a.id=d.id  and d.xtype='U' left join syscomments e on a.cdefault=e.id left join sys.extended_properties g on a.id=g.major_id and a.colid=g.minor_id and g.name = 'MS_Description'  order by a.id,a.colorder
08:34:35.058  1 N - select ind.* from sys.indexes ind inner join sys.objects obj on ind.object_id = obj.object_id where obj.type='u'
08:34:35.189  1 N - [ToolsManage]GetSchema("Columns")
08:34:35.390  1 N - [ToolsManage]GetSchema("Indexes")
08:34:35.438  1 N - [ToolsManage]GetSchema("IndexColumns")
08:34:35.562  1 N - 检查表[TbRoominfo/SqlServer]的数据表架构耗时1,878ms
08:34:35.564  1 N - 开始检查连接[ToolsManage/SqlServer]的数据库架构……
08:34:35.938  1 N - [ToolsManage]的所有实体类（26个）：TbAcinfo,TbAlarmevent,TbBoxicpower,TbDeviceplan,TbDevicetype,TbDoorrfid,TbDooruser,TbEnviridata,TbEnvirievent,TbNvrinfo,TbRecordborrow,TbRecordboxdoor,TbRecordboxpower,TbRecorddoorinout,TbRecorderr,TbRecordinroom,TbRecordpower,TbRecordscrap,TbRecordtest,TbRfidinfo,TbRoominfo,TbSysdevice,TbSysparm,TbSystemuser,TbTools,TbTypeandname
08:34:35.938  1 N - [ToolsManage]需要检查架构的实体类（26个）：TbAcinfo,TbAlarmevent,TbBoxicpower,TbDeviceplan,TbDevicetype,TbDoorrfid,TbDooruser,TbEnviridata,TbEnvirievent,TbNvrinfo,TbRecordborrow,TbRecordboxdoor,TbRecordboxpower,TbRecorddoorinout,TbRecorderr,TbRecordinroom,TbRecordpower,TbRecordscrap,TbRecordtest,TbRfidinfo,TbRoominfo,TbSysdevice,TbSysparm,TbSystemuser,TbTools,TbTypeandname
08:34:35.938  1 N - ToolsManage待检查表架构的实体个数：25
08:34:35.938  1 N - select b.name n, a.value v from sys.extended_properties a inner join sysobjects b on a.major_id=b.id and a.minor_id=0 and a.name = 'MS_Description'
08:34:35.939  1 N - SELECT 表名=d.name,字段序号=a.colorder,字段名=a.name,标识=case when COLUMNPROPERTY( a.id,a.name,'IsIdentity')=1 then Convert(Bit,1) else Convert(Bit,0) end,主键=case when exists(SELECT 1 FROM sysobjects where xtype='PK' and name in (SELECT name FROM sysindexes WHERE id = a.id AND indid in(SELECT indid FROM sysindexkeys WHERE id = a.id AND colid=a.colid))) then Convert(Bit,1) else Convert(Bit,0) end,类型=b.name,占用字节数=a.length,长度=COLUMNPROPERTY(a.id,a.name,'PRECISION'),小数位数=isnull(COLUMNPROPERTY(a.id,a.name,'Scale'),0),允许空=case when a.isnullable=1 then Convert(Bit,1)else Convert(Bit,0) end,默认值=isnull(e.text,''),字段说明=isnull(g.[value],'')FROM syscolumns a left join systypes b on a.xtype=b.xusertype inner join sysobjects d on a.id=d.id  and d.xtype='U' left join syscomments e on a.cdefault=e.id left join sys.extended_properties g on a.id=g.major_id and a.colid=g.minor_id and g.name = 'MS_Description'  order by a.id,a.colorder
08:34:35.980  1 N - select ind.* from sys.indexes ind inner join sys.objects obj on ind.object_id = obj.object_id where obj.type='u'
08:34:35.999  1 N - 检查连接[ToolsManage/SqlServer]的数据库架构耗时435ms
08:34:36.004  1 N - Select * From tb_RoomInfo Order By ID Desc
08:34:36.248  6 Y 5 Select * From tb_DevicePlan Where IsValid=1 Order By ID ASC
08:35:00.266  6 Y 5 Select * From tb_DevicePlan Where IsValid=1 Order By ID ASC
08:36:00.268  6 Y 5 Select * From tb_DevicePlan Where IsValid=1 Order By ID ASC
08:37:00.270  6 Y 5 Select * From tb_DevicePlan Where IsValid=1 Order By ID ASC
08:38:00.273  6 Y 5 Select * From tb_DevicePlan Where IsValid=1 Order By ID ASC
08:39:00.275  6 Y 5 Select * From tb_DevicePlan Where IsValid=1 Order By ID ASC
08:40:00.277  6 Y 5 Select * From tb_DevicePlan Where IsValid=1 Order By ID ASC
08:41:00.280  6 Y 5 Select * From tb_DevicePlan Where IsValid=1 Order By ID ASC
