#Software: ToolsManage
#ProcessID: 1900
#AppDomain: ToolsManage.vshost.exe
#BaseDirectory: F:\科能软件\库房软件\陈海涛移交\库房\软件\上海长兴库房软件\ToolsManage\ToolsManage\bin\Debug\
#CommandLine: "F:\科能软件\库房软件\陈海涛移交\库房\软件\上海长兴库房软件\ToolsManage\ToolsManage\bin\Debug\ToolsManage.vshost.exe" 
#ApplicationType: WinForm
#CLR: 4.0.30319.42000, .NET Framework 4
#OS: Windows 10.0 x64, Microsoft Windows NT 6.2.9200.0, Administrator/SHUGUANG
#Memory: 3,795M/11,985M
#CPU: 4
#Date: 2018-09-07
#字段: 时间 线程ID 线程池Y网页W普通N 线程名 消息内容
#Fields: Time ThreadID IsPoolThread ThreadName Message
09:55:38.622  8 N - NewLife.Core v6.6.2018.0211 Build 2018-06-14 10:56:08 .NET Framework 4
09:55:38.625  8 N - 组件核心库 ©2002-2017 新生命开发团队 http://git.newlifex.com/NewLife/X
09:55:38.625  8 N - ToolsManage v1.0.0.0 Build 2000-01-01 .NET Framework 4
09:55:38.625  8 N - ToolsManage Copyright © Lenovo 2015
09:55:38.625  8 N - XCode v9.6.2017.0808 Build 2018-06-14 10:56:10 .NET Framework 4
09:55:38.626  8 N - 大数据中间件 ©2002-2017 新生命开发团队 http://www.NewLifeX.com
09:55:40.876  8 N - ToolsManage 设定 Data Source=.;Initial Catalog=ToolsManage;user=sa;password=123456;
09:55:40.879  8 N - ToolsManage 格式 Data Source=.;Initial Catalog=ToolsManage;user=sa;password=123456;Pooling=false;Application Name=XCode_ToolsManage.vshost.exe_ToolsManage
09:55:40.892  8 N - 集中初始化表架构时没赶上，现在补上！
09:55:40.893  8 N - 开始同步检查表[TbRoominfo/SqlServer]的数据表架构……
09:55:40.917  8 N - System.Data.SqlClient.Sql驱动C:\windows\Microsoft.Net\assembly\GAC_32\System.Data\v4.0_4.0.0.0__b77a5c561934e089\System.Data.dll 版本v4.0.0.0
09:55:40.947  8 N - [ToolsManage]GetSchema("MetaDataCollections")
09:55:40.995  8 N - [ToolsManage]GetSchema("Databases", "ToolsManage")
09:55:41.015  8 N - select b.name n, a.value v from sys.extended_properties a inner join sysobjects b on a.major_id=b.id and a.minor_id=0 and a.name = 'MS_Description'
09:55:41.142  8 N - [ToolsManage]GetSchema("Tables")
09:55:41.158  8 N - SELECT 表名=d.name,字段序号=a.colorder,字段名=a.name,标识=case when COLUMNPROPERTY( a.id,a.name,'IsIdentity')=1 then Convert(Bit,1) else Convert(Bit,0) end,主键=case when exists(SELECT 1 FROM sysobjects where xtype='PK' and name in (SELECT name FROM sysindexes WHERE id = a.id AND indid in(SELECT indid FROM sysindexkeys WHERE id = a.id AND colid=a.colid))) then Convert(Bit,1) else Convert(Bit,0) end,类型=b.name,占用字节数=a.length,长度=COLUMNPROPERTY(a.id,a.name,'PRECISION'),小数位数=isnull(COLUMNPROPERTY(a.id,a.name,'Scale'),0),允许空=case when a.isnullable=1 then Convert(Bit,1)else Convert(Bit,0) end,默认值=isnull(e.text,''),字段说明=isnull(g.[value],'')FROM syscolumns a left join systypes b on a.xtype=b.xusertype inner join sysobjects d on a.id=d.id  and d.xtype='U' left join syscomments e on a.cdefault=e.id left join sys.extended_properties g on a.id=g.major_id and a.colid=g.minor_id and g.name = 'MS_Description'  order by a.id,a.colorder
09:55:41.513  8 N - select ind.* from sys.indexes ind inner join sys.objects obj on ind.object_id = obj.object_id where obj.type='u'
09:55:41.531  8 N - [ToolsManage]GetSchema("Columns")
09:55:41.581  8 N - [ToolsManage]GetSchema("Indexes")
09:55:41.616  8 N - [ToolsManage]GetSchema("IndexColumns")
09:55:41.707  8 N - 检查表[TbRoominfo/SqlServer]的数据表架构耗时812ms
09:55:41.709  8 N - 开始检查连接[ToolsManage/SqlServer]的数据库架构……
09:55:42.200  8 N - [ToolsManage]的所有实体类（26个）：TbAcinfo,TbAlarmevent,TbBoxicpower,TbDeviceplan,TbDevicetype,TbDoorrfid,TbDooruser,TbEnviridata,TbEnvirievent,TbNvrinfo,TbRecordborrow,TbRecordboxdoor,TbRecordboxpower,TbRecorddoorinout,TbRecorderr,TbRecordinroom,TbRecordpower,TbRecordscrap,TbRecordtest,TbRfidinfo,TbRoominfo,TbSysdevice,TbSysparm,TbSystemuser,TbTools,TbTypeandname
09:55:42.200  8 N - [ToolsManage]需要检查架构的实体类（26个）：TbAcinfo,TbAlarmevent,TbBoxicpower,TbDeviceplan,TbDevicetype,TbDoorrfid,TbDooruser,TbEnviridata,TbEnvirievent,TbNvrinfo,TbRecordborrow,TbRecordboxdoor,TbRecordboxpower,TbRecorddoorinout,TbRecorderr,TbRecordinroom,TbRecordpower,TbRecordscrap,TbRecordtest,TbRfidinfo,TbRoominfo,TbSysdevice,TbSysparm,TbSystemuser,TbTools,TbTypeandname
09:55:42.200  8 N - ToolsManage待检查表架构的实体个数：25
09:55:42.200  8 N - select b.name n, a.value v from sys.extended_properties a inner join sysobjects b on a.major_id=b.id and a.minor_id=0 and a.name = 'MS_Description'
09:55:42.201  8 N - SELECT 表名=d.name,字段序号=a.colorder,字段名=a.name,标识=case when COLUMNPROPERTY( a.id,a.name,'IsIdentity')=1 then Convert(Bit,1) else Convert(Bit,0) end,主键=case when exists(SELECT 1 FROM sysobjects where xtype='PK' and name in (SELECT name FROM sysindexes WHERE id = a.id AND indid in(SELECT indid FROM sysindexkeys WHERE id = a.id AND colid=a.colid))) then Convert(Bit,1) else Convert(Bit,0) end,类型=b.name,占用字节数=a.length,长度=COLUMNPROPERTY(a.id,a.name,'PRECISION'),小数位数=isnull(COLUMNPROPERTY(a.id,a.name,'Scale'),0),允许空=case when a.isnullable=1 then Convert(Bit,1)else Convert(Bit,0) end,默认值=isnull(e.text,''),字段说明=isnull(g.[value],'')FROM syscolumns a left join systypes b on a.xtype=b.xusertype inner join sysobjects d on a.id=d.id  and d.xtype='U' left join syscomments e on a.cdefault=e.id left join sys.extended_properties g on a.id=g.major_id and a.colid=g.minor_id and g.name = 'MS_Description'  order by a.id,a.colorder
09:55:42.252  8 N - select ind.* from sys.indexes ind inner join sys.objects obj on ind.object_id = obj.object_id where obj.type='u'
09:55:42.282  8 N - 检查连接[ToolsManage/SqlServer]的数据库架构耗时574ms
09:55:42.288  8 N - Select * From tb_RoomInfo Order By ID Desc
09:55:42.654  9 Y 5 Select * From tb_DevicePlan Where IsValid=1 Order By ID ASC
09:56:00.798  9 Y 5 Select * From tb_DevicePlan Where IsValid=1 Order By ID ASC
09:57:00.809  9 Y 5 Select * From tb_DevicePlan Where IsValid=1 Order By ID ASC
09:58:00.823  9 Y 5 Select * From tb_DevicePlan Where IsValid=1 Order By ID ASC
09:59:00.827  9 Y 5 Select * From tb_DevicePlan Where IsValid=1 Order By ID ASC
10:00:00.831  9 Y 5 Select * From tb_DevicePlan Where IsValid=1 Order By ID ASC

#Software: ToolsManage
#ProcessID: 6864
#AppDomain: ToolsManage.vshost.exe
#BaseDirectory: F:\科能软件\库房软件\陈海涛移交\库房\软件\上海长兴库房软件\ToolsManage\ToolsManage\bin\Debug\
#CommandLine: "F:\科能软件\库房软件\陈海涛移交\库房\软件\上海长兴库房软件\ToolsManage\ToolsManage\bin\Debug\ToolsManage.vshost.exe" 
#ApplicationType: WinForm
#CLR: 4.0.30319.42000, .NET Framework 4
#OS: Windows 10.0 x64, Microsoft Windows NT 6.2.9200.0, Administrator/SHUGUANG
#Memory: 3,642M/11,985M
#CPU: 4
#Date: 2018-09-07
#字段: 时间 线程ID 线程池Y网页W普通N 线程名 消息内容
#Fields: Time ThreadID IsPoolThread ThreadName Message
10:27:23.746  7 N - NewLife.Core v6.6.2018.0211 Build 2018-06-14 10:56:08 .NET Framework 4
10:27:23.748  7 N - 组件核心库 ©2002-2017 新生命开发团队 http://git.newlifex.com/NewLife/X
10:27:23.748  7 N - ToolsManage v1.0.0.0 Build 2000-01-01 .NET Framework 4
10:27:23.749  7 N - ToolsManage Copyright © Lenovo 2015
10:27:23.749  7 N - XCode v9.6.2017.0808 Build 2018-06-14 10:56:10 .NET Framework 4
10:27:23.749  7 N - 大数据中间件 ©2002-2017 新生命开发团队 http://www.NewLifeX.com
10:27:24.462  7 N - ToolsManage 设定 Data Source=.;Initial Catalog=ToolsManage;user=sa;password=123456;
10:27:24.464  7 N - ToolsManage 格式 Data Source=.;Initial Catalog=ToolsManage;user=sa;password=123456;Pooling=false;Application Name=XCode_ToolsManage.vshost.exe_ToolsManage
10:27:24.474  7 N - 集中初始化表架构时没赶上，现在补上！
10:27:24.475  7 N - 开始同步检查表[TbRoominfo/SqlServer]的数据表架构……
10:27:24.492  7 N - System.Data.SqlClient.Sql驱动C:\windows\Microsoft.Net\assembly\GAC_32\System.Data\v4.0_4.0.0.0__b77a5c561934e089\System.Data.dll 版本v4.0.0.0
10:27:24.512  7 N - [ToolsManage]GetSchema("MetaDataCollections")
10:27:24.547  7 N - [ToolsManage]GetSchema("Databases", "ToolsManage")
10:27:24.552  7 N - select b.name n, a.value v from sys.extended_properties a inner join sysobjects b on a.major_id=b.id and a.minor_id=0 and a.name = 'MS_Description'
10:27:24.553  7 N - [ToolsManage]GetSchema("Tables")
10:27:24.558  7 N - SELECT 表名=d.name,字段序号=a.colorder,字段名=a.name,标识=case when COLUMNPROPERTY( a.id,a.name,'IsIdentity')=1 then Convert(Bit,1) else Convert(Bit,0) end,主键=case when exists(SELECT 1 FROM sysobjects where xtype='PK' and name in (SELECT name FROM sysindexes WHERE id = a.id AND indid in(SELECT indid FROM sysindexkeys WHERE id = a.id AND colid=a.colid))) then Convert(Bit,1) else Convert(Bit,0) end,类型=b.name,占用字节数=a.length,长度=COLUMNPROPERTY(a.id,a.name,'PRECISION'),小数位数=isnull(COLUMNPROPERTY(a.id,a.name,'Scale'),0),允许空=case when a.isnullable=1 then Convert(Bit,1)else Convert(Bit,0) end,默认值=isnull(e.text,''),字段说明=isnull(g.[value],'')FROM syscolumns a left join systypes b on a.xtype=b.xusertype inner join sysobjects d on a.id=d.id  and d.xtype='U' left join syscomments e on a.cdefault=e.id left join sys.extended_properties g on a.id=g.major_id and a.colid=g.minor_id and g.name = 'MS_Description'  order by a.id,a.colorder
10:27:24.620  7 N - select ind.* from sys.indexes ind inner join sys.objects obj on ind.object_id = obj.object_id where obj.type='u'
10:27:24.626  7 N - [ToolsManage]GetSchema("Columns")
10:27:24.643  7 N - [ToolsManage]GetSchema("Indexes")
10:27:24.653  7 N - [ToolsManage]GetSchema("IndexColumns")
10:27:24.693  7 N - 检查表[TbRoominfo/SqlServer]的数据表架构耗时217ms
10:27:24.694  7 N - 开始检查连接[ToolsManage/SqlServer]的数据库架构……
10:27:25.123  7 N - [ToolsManage]的所有实体类（26个）：TbAcinfo,TbAlarmevent,TbBoxicpower,TbDeviceplan,TbDevicetype,TbDoorrfid,TbDooruser,TbEnviridata,TbEnvirievent,TbNvrinfo,TbRecordborrow,TbRecordboxdoor,TbRecordboxpower,TbRecorddoorinout,TbRecorderr,TbRecordinroom,TbRecordpower,TbRecordscrap,TbRecordtest,TbRfidinfo,TbRoominfo,TbSysdevice,TbSysparm,TbSystemuser,TbTools,TbTypeandname
10:27:25.123  7 N - [ToolsManage]需要检查架构的实体类（26个）：TbAcinfo,TbAlarmevent,TbBoxicpower,TbDeviceplan,TbDevicetype,TbDoorrfid,TbDooruser,TbEnviridata,TbEnvirievent,TbNvrinfo,TbRecordborrow,TbRecordboxdoor,TbRecordboxpower,TbRecorddoorinout,TbRecorderr,TbRecordinroom,TbRecordpower,TbRecordscrap,TbRecordtest,TbRfidinfo,TbRoominfo,TbSysdevice,TbSysparm,TbSystemuser,TbTools,TbTypeandname
10:27:25.123  7 N - ToolsManage待检查表架构的实体个数：25
10:27:25.123  7 N - select b.name n, a.value v from sys.extended_properties a inner join sysobjects b on a.major_id=b.id and a.minor_id=0 and a.name = 'MS_Description'
10:27:25.124  7 N - SELECT 表名=d.name,字段序号=a.colorder,字段名=a.name,标识=case when COLUMNPROPERTY( a.id,a.name,'IsIdentity')=1 then Convert(Bit,1) else Convert(Bit,0) end,主键=case when exists(SELECT 1 FROM sysobjects where xtype='PK' and name in (SELECT name FROM sysindexes WHERE id = a.id AND indid in(SELECT indid FROM sysindexkeys WHERE id = a.id AND colid=a.colid))) then Convert(Bit,1) else Convert(Bit,0) end,类型=b.name,占用字节数=a.length,长度=COLUMNPROPERTY(a.id,a.name,'PRECISION'),小数位数=isnull(COLUMNPROPERTY(a.id,a.name,'Scale'),0),允许空=case when a.isnullable=1 then Convert(Bit,1)else Convert(Bit,0) end,默认值=isnull(e.text,''),字段说明=isnull(g.[value],'')FROM syscolumns a left join systypes b on a.xtype=b.xusertype inner join sysobjects d on a.id=d.id  and d.xtype='U' left join syscomments e on a.cdefault=e.id left join sys.extended_properties g on a.id=g.major_id and a.colid=g.minor_id and g.name = 'MS_Description'  order by a.id,a.colorder
10:27:25.177  7 N - select ind.* from sys.indexes ind inner join sys.objects obj on ind.object_id = obj.object_id where obj.type='u'
10:27:25.199  7 N - 检查连接[ToolsManage/SqlServer]的数据库架构耗时505ms
10:27:25.205  7 N - Select * From tb_RoomInfo Order By ID Desc
10:27:25.436 12 Y 5 Select * From tb_DevicePlan Where IsValid=1 Order By ID ASC
10:28:00.465 12 Y 5 Select * From tb_DevicePlan Where IsValid=1 Order By ID ASC
10:29:00.473 12 Y 5 Select * From tb_DevicePlan Where IsValid=1 Order By ID ASC
10:30:00.475 12 Y 5 Select * From tb_DevicePlan Where IsValid=1 Order By ID ASC
10:31:00.478 12 Y 5 Select * From tb_DevicePlan Where IsValid=1 Order By ID ASC
10:32:00.482 12 Y 5 Select * From tb_DevicePlan Where IsValid=1 Order By ID ASC
10:33:00.498 12 Y 5 Select * From tb_DevicePlan Where IsValid=1 Order By ID ASC
10:34:00.505 12 Y 5 Select * From tb_DevicePlan Where IsValid=1 Order By ID ASC
10:35:00.514 12 Y 5 Select * From tb_DevicePlan Where IsValid=1 Order By ID ASC
10:36:00.604 12 Y 5 Select * From tb_DevicePlan Where IsValid=1 Order By ID ASC
10:37:00.616 12 Y 5 Select * From tb_DevicePlan Where IsValid=1 Order By ID ASC
10:38:00.629 12 Y 5 Select * From tb_DevicePlan Where IsValid=1 Order By ID ASC
10:39:00.640 12 Y 5 Select * From tb_DevicePlan Where IsValid=1 Order By ID ASC
