#Software: ToolsManage
#ProcessID: 9584
#AppDomain: ToolsManage.vshost.exe
#BaseDirectory: F:\科能软件\库房软件\陈海涛移交\库房\软件\上海长兴库房软件\ToolsManage\ToolsManage\bin\Debug\
#CommandLine: "F:\科能软件\库房软件\陈海涛移交\库房\软件\上海长兴库房软件\ToolsManage\ToolsManage\bin\Debug\ToolsManage.vshost.exe" 
#ApplicationType: WinForm
#CLR: 4.0.30319.42000, .NET Framework 4
#OS: Windows 10.0 x64, Microsoft Windows NT 6.2.9200.0, Administrator/SHUGUANG
#Memory: 5,797M/11,985M
#CPU: 4
#Date: 2018-09-12
#字段: 时间 线程ID 线程池Y网页W普通N 线程名 消息内容
#Fields: Time ThreadID IsPoolThread ThreadName Message
08:41:37.464  7 N - NewLife.Core v6.6.2018.0211 Build 2018-06-14 10:56:08 .NET Framework 4
08:41:37.467  7 N - 组件核心库 ©2002-2017 新生命开发团队 http://git.newlifex.com/NewLife/X
08:41:37.467  7 N - ToolsManage v1.0.0.0 Build 2000-01-01 .NET Framework 4
08:41:37.472  7 N - ToolsManage Copyright © Lenovo 2015
08:41:37.472  7 N - XCode v9.6.2017.0808 Build 2018-06-14 10:56:10 .NET Framework 4
08:41:37.472  7 N - 大数据中间件 ©2002-2017 新生命开发团队 http://www.NewLifeX.com
08:41:40.315  7 N - ToolsManage 设定 Data Source=.;Initial Catalog=ToolsManage;user=sa;password=123456;
08:41:40.318  7 N - ToolsManage 格式 Data Source=.;Initial Catalog=ToolsManage;user=sa;password=123456;Pooling=false;Application Name=XCode_ToolsManage.vshost.exe_ToolsManage
08:41:40.325  7 N - 集中初始化表架构时没赶上，现在补上！
08:41:40.326  7 N - 开始同步检查表[TbRoominfo/SqlServer]的数据表架构……
08:41:40.369  7 N - System.Data.SqlClient.Sql驱动C:\windows\Microsoft.Net\assembly\GAC_32\System.Data\v4.0_4.0.0.0__b77a5c561934e089\System.Data.dll 版本v4.0.0.0
08:41:40.428  7 N - [ToolsManage]GetSchema("MetaDataCollections")
08:41:40.619  7 N - [ToolsManage]GetSchema("Databases", "ToolsManage")
08:41:40.706  7 N - select b.name n, a.value v from sys.extended_properties a inner join sysobjects b on a.major_id=b.id and a.minor_id=0 and a.name = 'MS_Description'
08:41:40.719  7 N - [ToolsManage]GetSchema("Tables")
08:41:40.758  7 N - SELECT 表名=d.name,字段序号=a.colorder,字段名=a.name,标识=case when COLUMNPROPERTY( a.id,a.name,'IsIdentity')=1 then Convert(Bit,1) else Convert(Bit,0) end,主键=case when exists(SELECT 1 FROM sysobjects where xtype='PK' and name in (SELECT name FROM sysindexes WHERE id = a.id AND indid in(SELECT indid FROM sysindexkeys WHERE id = a.id AND colid=a.colid))) then Convert(Bit,1) else Convert(Bit,0) end,类型=b.name,占用字节数=a.length,长度=COLUMNPROPERTY(a.id,a.name,'PRECISION'),小数位数=isnull(COLUMNPROPERTY(a.id,a.name,'Scale'),0),允许空=case when a.isnullable=1 then Convert(Bit,1)else Convert(Bit,0) end,默认值=isnull(e.text,''),字段说明=isnull(g.[value],'')FROM syscolumns a left join systypes b on a.xtype=b.xusertype inner join sysobjects d on a.id=d.id  and d.xtype='U' left join syscomments e on a.cdefault=e.id left join sys.extended_properties g on a.id=g.major_id and a.colid=g.minor_id and g.name = 'MS_Description'  order by a.id,a.colorder
08:41:41.092  7 N - select ind.* from sys.indexes ind inner join sys.objects obj on ind.object_id = obj.object_id where obj.type='u'
08:41:41.174  7 N - [ToolsManage]GetSchema("Columns")
08:41:41.285  7 N - [ToolsManage]GetSchema("Indexes")
08:41:41.310  7 N - [ToolsManage]GetSchema("IndexColumns")
08:41:41.388  7 N - 检查表[TbRoominfo/SqlServer]的数据表架构耗时1,061ms
08:41:41.389  7 N - 开始检查连接[ToolsManage/SqlServer]的数据库架构……
08:41:41.894  7 N - [ToolsManage]的所有实体类（26个）：TbAcinfo,TbAlarmevent,TbBoxicpower,TbDeviceplan,TbDevicetype,TbDoorrfid,TbDooruser,TbEnviridata,TbEnvirievent,TbNvrinfo,TbRecordborrow,TbRecordboxdoor,TbRecordboxpower,TbRecorddoorinout,TbRecorderr,TbRecordinroom,TbRecordpower,TbRecordscrap,TbRecordtest,TbRfidinfo,TbRoominfo,TbSysdevice,TbSysparm,TbSystemuser,TbTools,TbTypeandname
08:41:41.894  7 N - [ToolsManage]需要检查架构的实体类（26个）：TbAcinfo,TbAlarmevent,TbBoxicpower,TbDeviceplan,TbDevicetype,TbDoorrfid,TbDooruser,TbEnviridata,TbEnvirievent,TbNvrinfo,TbRecordborrow,TbRecordboxdoor,TbRecordboxpower,TbRecorddoorinout,TbRecorderr,TbRecordinroom,TbRecordpower,TbRecordscrap,TbRecordtest,TbRfidinfo,TbRoominfo,TbSysdevice,TbSysparm,TbSystemuser,TbTools,TbTypeandname
08:41:41.895  7 N - ToolsManage待检查表架构的实体个数：25
08:41:41.895  7 N - select b.name n, a.value v from sys.extended_properties a inner join sysobjects b on a.major_id=b.id and a.minor_id=0 and a.name = 'MS_Description'
08:41:41.896  7 N - SELECT 表名=d.name,字段序号=a.colorder,字段名=a.name,标识=case when COLUMNPROPERTY( a.id,a.name,'IsIdentity')=1 then Convert(Bit,1) else Convert(Bit,0) end,主键=case when exists(SELECT 1 FROM sysobjects where xtype='PK' and name in (SELECT name FROM sysindexes WHERE id = a.id AND indid in(SELECT indid FROM sysindexkeys WHERE id = a.id AND colid=a.colid))) then Convert(Bit,1) else Convert(Bit,0) end,类型=b.name,占用字节数=a.length,长度=COLUMNPROPERTY(a.id,a.name,'PRECISION'),小数位数=isnull(COLUMNPROPERTY(a.id,a.name,'Scale'),0),允许空=case when a.isnullable=1 then Convert(Bit,1)else Convert(Bit,0) end,默认值=isnull(e.text,''),字段说明=isnull(g.[value],'')FROM syscolumns a left join systypes b on a.xtype=b.xusertype inner join sysobjects d on a.id=d.id  and d.xtype='U' left join syscomments e on a.cdefault=e.id left join sys.extended_properties g on a.id=g.major_id and a.colid=g.minor_id and g.name = 'MS_Description'  order by a.id,a.colorder
08:41:41.937  7 N - select ind.* from sys.indexes ind inner join sys.objects obj on ind.object_id = obj.object_id where obj.type='u'
08:41:41.960  7 N - 检查连接[ToolsManage/SqlServer]的数据库架构耗时571ms
08:41:41.966  7 N - Select * From tb_RoomInfo Order By ID Desc
08:41:42.735 12 Y 5 Select * From tb_DevicePlan Where IsValid=1 Order By ID ASC
08:42:00.752 12 Y 5 Select * From tb_DevicePlan Where IsValid=1 Order By ID ASC
08:43:00.765 12 Y 5 Select * From tb_DevicePlan Where IsValid=1 Order By ID ASC

#Software: ToolsManage
#ProcessID: 7772
#AppDomain: ToolsManage.vshost.exe
#BaseDirectory: F:\科能软件\库房软件\陈海涛移交\库房\软件\上海长兴库房软件\ToolsManage\ToolsManage\bin\Debug\
#CommandLine: "F:\科能软件\库房软件\陈海涛移交\库房\软件\上海长兴库房软件\ToolsManage\ToolsManage\bin\Debug\ToolsManage.vshost.exe" 
#ApplicationType: WinForm
#CLR: 4.0.30319.42000, .NET Framework 4
#OS: Windows 10.0 x64, Microsoft Windows NT 6.2.9200.0, Administrator/SHUGUANG
#Memory: 4,286M/11,985M
#CPU: 4
#Date: 2018-09-12
#字段: 时间 线程ID 线程池Y网页W普通N 线程名 消息内容
#Fields: Time ThreadID IsPoolThread ThreadName Message
15:36:51.888 10 N - NewLife.Core v6.6.2018.0211 Build 2018-06-14 10:56:08 .NET Framework 4
15:36:51.890 10 N - 组件核心库 ©2002-2017 新生命开发团队 http://git.newlifex.com/NewLife/X
15:36:51.890 10 N - ToolsManage v1.0.0.0 Build 2000-01-01 .NET Framework 4
15:36:51.890 10 N - ToolsManage Copyright © Lenovo 2015
15:36:51.890 10 N - XCode v9.6.2017.0808 Build 2018-06-14 10:56:10 .NET Framework 4
15:36:51.890 10 N - 大数据中间件 ©2002-2017 新生命开发团队 http://www.NewLifeX.com
15:36:52.936 10 N - ToolsManage 设定 Data Source=.;Initial Catalog=ToolsManage;user=sa;password=123456;
15:36:52.937 10 N - ToolsManage 格式 Data Source=.;Initial Catalog=ToolsManage;user=sa;password=123456;Pooling=false;Application Name=XCode_ToolsManage.vshost.exe_ToolsManage
15:36:52.971 10 N - 集中初始化表架构时没赶上，现在补上！
15:36:52.972 10 N - 开始同步检查表[TbRoominfo/SqlServer]的数据表架构……
15:36:52.996 10 N - System.Data.SqlClient.Sql驱动C:\windows\Microsoft.Net\assembly\GAC_32\System.Data\v4.0_4.0.0.0__b77a5c561934e089\System.Data.dll 版本v4.0.0.0
15:36:53.016 10 N - [ToolsManage]GetSchema("MetaDataCollections")
15:36:53.054 10 N - [ToolsManage]GetSchema("Databases", "ToolsManage")
15:36:53.062 10 N - select b.name n, a.value v from sys.extended_properties a inner join sysobjects b on a.major_id=b.id and a.minor_id=0 and a.name = 'MS_Description'
15:36:53.064 10 N - [ToolsManage]GetSchema("Tables")
15:36:53.065 10 N - SELECT 表名=d.name,字段序号=a.colorder,字段名=a.name,标识=case when COLUMNPROPERTY( a.id,a.name,'IsIdentity')=1 then Convert(Bit,1) else Convert(Bit,0) end,主键=case when exists(SELECT 1 FROM sysobjects where xtype='PK' and name in (SELECT name FROM sysindexes WHERE id = a.id AND indid in(SELECT indid FROM sysindexkeys WHERE id = a.id AND colid=a.colid))) then Convert(Bit,1) else Convert(Bit,0) end,类型=b.name,占用字节数=a.length,长度=COLUMNPROPERTY(a.id,a.name,'PRECISION'),小数位数=isnull(COLUMNPROPERTY(a.id,a.name,'Scale'),0),允许空=case when a.isnullable=1 then Convert(Bit,1)else Convert(Bit,0) end,默认值=isnull(e.text,''),字段说明=isnull(g.[value],'')FROM syscolumns a left join systypes b on a.xtype=b.xusertype inner join sysobjects d on a.id=d.id  and d.xtype='U' left join syscomments e on a.cdefault=e.id left join sys.extended_properties g on a.id=g.major_id and a.colid=g.minor_id and g.name = 'MS_Description'  order by a.id,a.colorder
15:36:53.222 10 N - select ind.* from sys.indexes ind inner join sys.objects obj on ind.object_id = obj.object_id where obj.type='u'
15:36:53.227 10 N - [ToolsManage]GetSchema("Columns")
15:36:53.245 10 N - [ToolsManage]GetSchema("Indexes")
15:36:53.255 10 N - [ToolsManage]GetSchema("IndexColumns")
15:36:53.300 10 N - 检查表[TbRoominfo/SqlServer]的数据表架构耗时327ms
15:36:53.302 10 N - 开始检查连接[ToolsManage/SqlServer]的数据库架构……
15:36:53.827 10 N - [ToolsManage]的所有实体类（26个）：TbAcinfo,TbAlarmevent,TbBoxicpower,TbDeviceplan,TbDevicetype,TbDoorrfid,TbDooruser,TbEnviridata,TbEnvirievent,TbNvrinfo,TbRecordborrow,TbRecordboxdoor,TbRecordboxpower,TbRecorddoorinout,TbRecorderr,TbRecordinroom,TbRecordpower,TbRecordscrap,TbRecordtest,TbRfidinfo,TbRoominfo,TbSysdevice,TbSysparm,TbSystemuser,TbTools,TbTypeandname
15:36:53.827 10 N - [ToolsManage]需要检查架构的实体类（26个）：TbAcinfo,TbAlarmevent,TbBoxicpower,TbDeviceplan,TbDevicetype,TbDoorrfid,TbDooruser,TbEnviridata,TbEnvirievent,TbNvrinfo,TbRecordborrow,TbRecordboxdoor,TbRecordboxpower,TbRecorddoorinout,TbRecorderr,TbRecordinroom,TbRecordpower,TbRecordscrap,TbRecordtest,TbRfidinfo,TbRoominfo,TbSysdevice,TbSysparm,TbSystemuser,TbTools,TbTypeandname
15:36:53.828 10 N - ToolsManage待检查表架构的实体个数：25
15:36:53.828 10 N - select b.name n, a.value v from sys.extended_properties a inner join sysobjects b on a.major_id=b.id and a.minor_id=0 and a.name = 'MS_Description'
15:36:53.829 10 N - SELECT 表名=d.name,字段序号=a.colorder,字段名=a.name,标识=case when COLUMNPROPERTY( a.id,a.name,'IsIdentity')=1 then Convert(Bit,1) else Convert(Bit,0) end,主键=case when exists(SELECT 1 FROM sysobjects where xtype='PK' and name in (SELECT name FROM sysindexes WHERE id = a.id AND indid in(SELECT indid FROM sysindexkeys WHERE id = a.id AND colid=a.colid))) then Convert(Bit,1) else Convert(Bit,0) end,类型=b.name,占用字节数=a.length,长度=COLUMNPROPERTY(a.id,a.name,'PRECISION'),小数位数=isnull(COLUMNPROPERTY(a.id,a.name,'Scale'),0),允许空=case when a.isnullable=1 then Convert(Bit,1)else Convert(Bit,0) end,默认值=isnull(e.text,''),字段说明=isnull(g.[value],'')FROM syscolumns a left join systypes b on a.xtype=b.xusertype inner join sysobjects d on a.id=d.id  and d.xtype='U' left join syscomments e on a.cdefault=e.id left join sys.extended_properties g on a.id=g.major_id and a.colid=g.minor_id and g.name = 'MS_Description'  order by a.id,a.colorder
15:36:53.892 10 N - select ind.* from sys.indexes ind inner join sys.objects obj on ind.object_id = obj.object_id where obj.type='u'
15:36:53.930 10 N - 检查连接[ToolsManage/SqlServer]的数据库架构耗时627ms
15:36:53.937 10 N - Select * From tb_RoomInfo Order By ID Desc
15:36:55.035 14 Y 5 Select * From tb_DevicePlan Where IsValid=1 Order By ID ASC
15:37:00.042 14 Y 5 Select * From tb_DevicePlan Where IsValid=1 Order By ID ASC
