#Software: ToolsManage
#ProcessID: 12000
#AppDomain: ToolsManage.vshost.exe
#BaseDirectory: F:\科能软件\库房软件\陈海涛移交\库房\软件\上海长兴库房软件\ToolsManage\ToolsManage\bin\Debug\
#CommandLine: "F:\科能软件\库房软件\陈海涛移交\库房\软件\上海长兴库房软件\ToolsManage\ToolsManage\bin\Debug\ToolsManage.vshost.exe" 
#ApplicationType: WinForm
#CLR: 4.0.30319.42000, .NET Framework 4
#OS: Windows 10.0 x64, Microsoft Windows NT 6.2.9200.0, Administrator/SHUGUANG
#Memory: 5,980M/11,985M
#CPU: 4
#Date: 2018-09-13
#字段: 时间 线程ID 线程池Y网页W普通N 线程名 消息内容
#Fields: Time ThreadID IsPoolThread ThreadName Message
10:53:19.067  7 N - NewLife.Core v6.6.2018.0211 Build 2018-06-14 10:56:08 .NET Framework 4
10:53:19.069  7 N - 组件核心库 ©2002-2017 新生命开发团队 http://git.newlifex.com/NewLife/X
10:53:19.070  7 N - ToolsManage v1.0.0.0 Build 2000-01-01 .NET Framework 4
10:53:19.070  7 N - ToolsManage Copyright © Lenovo 2015
10:53:19.070  7 N - XCode v9.6.2017.0808 Build 2018-06-14 10:56:10 .NET Framework 4
10:53:19.070  7 N - 大数据中间件 ©2002-2017 新生命开发团队 http://www.NewLifeX.com
10:53:22.727  7 N - ToolsManage 设定 Data Source=.;Initial Catalog=ToolsManage;user=sa;password=123456;
10:53:22.729  7 N - ToolsManage 格式 Data Source=.;Initial Catalog=ToolsManage;user=sa;password=123456;Pooling=false;Application Name=XCode_ToolsManage.vshost.exe_ToolsManage
10:53:22.738  7 N - 集中初始化表架构时没赶上，现在补上！
10:53:22.739  7 N - 开始同步检查表[TbRoominfo/SqlServer]的数据表架构……
10:53:22.753  7 N - System.Data.SqlClient.Sql驱动C:\windows\Microsoft.Net\assembly\GAC_32\System.Data\v4.0_4.0.0.0__b77a5c561934e089\System.Data.dll 版本v4.0.0.0
10:53:22.771  7 N - [ToolsManage]GetSchema("MetaDataCollections")
10:53:22.809  7 N - [ToolsManage]GetSchema("Databases", "ToolsManage")
10:53:23.076  7 N - select b.name n, a.value v from sys.extended_properties a inner join sysobjects b on a.major_id=b.id and a.minor_id=0 and a.name = 'MS_Description'
10:53:23.126  7 N - [ToolsManage]GetSchema("Tables")
10:53:23.298  7 N - SELECT 表名=d.name,字段序号=a.colorder,字段名=a.name,标识=case when COLUMNPROPERTY( a.id,a.name,'IsIdentity')=1 then Convert(Bit,1) else Convert(Bit,0) end,主键=case when exists(SELECT 1 FROM sysobjects where xtype='PK' and name in (SELECT name FROM sysindexes WHERE id = a.id AND indid in(SELECT indid FROM sysindexkeys WHERE id = a.id AND colid=a.colid))) then Convert(Bit,1) else Convert(Bit,0) end,类型=b.name,占用字节数=a.length,长度=COLUMNPROPERTY(a.id,a.name,'PRECISION'),小数位数=isnull(COLUMNPROPERTY(a.id,a.name,'Scale'),0),允许空=case when a.isnullable=1 then Convert(Bit,1)else Convert(Bit,0) end,默认值=isnull(e.text,''),字段说明=isnull(g.[value],'')FROM syscolumns a left join systypes b on a.xtype=b.xusertype inner join sysobjects d on a.id=d.id  and d.xtype='U' left join syscomments e on a.cdefault=e.id left join sys.extended_properties g on a.id=g.major_id and a.colid=g.minor_id and g.name = 'MS_Description'  order by a.id,a.colorder
10:53:23.933  7 N - select ind.* from sys.indexes ind inner join sys.objects obj on ind.object_id = obj.object_id where obj.type='u'
10:53:23.978  7 N - [ToolsManage]GetSchema("Columns")
10:53:24.069  7 N - [ToolsManage]GetSchema("Indexes")
10:53:24.132  7 N - [ToolsManage]GetSchema("IndexColumns")
10:53:24.224  7 N - 检查表[TbRoominfo/SqlServer]的数据表架构耗时1,485ms
10:53:24.226  7 N - 开始检查连接[ToolsManage/SqlServer]的数据库架构……
10:53:24.525  7 N - [ToolsManage]的所有实体类（26个）：TbAcinfo,TbAlarmevent,TbBoxicpower,TbDeviceplan,TbDevicetype,TbDoorrfid,TbDooruser,TbEnviridata,TbEnvirievent,TbNvrinfo,TbRecordborrow,TbRecordboxdoor,TbRecordboxpower,TbRecorddoorinout,TbRecorderr,TbRecordinroom,TbRecordpower,TbRecordscrap,TbRecordtest,TbRfidinfo,TbRoominfo,TbSysdevice,TbSysparm,TbSystemuser,TbTools,TbTypeandname
10:53:24.525  7 N - [ToolsManage]需要检查架构的实体类（26个）：TbAcinfo,TbAlarmevent,TbBoxicpower,TbDeviceplan,TbDevicetype,TbDoorrfid,TbDooruser,TbEnviridata,TbEnvirievent,TbNvrinfo,TbRecordborrow,TbRecordboxdoor,TbRecordboxpower,TbRecorddoorinout,TbRecorderr,TbRecordinroom,TbRecordpower,TbRecordscrap,TbRecordtest,TbRfidinfo,TbRoominfo,TbSysdevice,TbSysparm,TbSystemuser,TbTools,TbTypeandname
10:53:24.525  7 N - ToolsManage待检查表架构的实体个数：25
10:53:24.525  7 N - select b.name n, a.value v from sys.extended_properties a inner join sysobjects b on a.major_id=b.id and a.minor_id=0 and a.name = 'MS_Description'
10:53:24.525  7 N - SELECT 表名=d.name,字段序号=a.colorder,字段名=a.name,标识=case when COLUMNPROPERTY( a.id,a.name,'IsIdentity')=1 then Convert(Bit,1) else Convert(Bit,0) end,主键=case when exists(SELECT 1 FROM sysobjects where xtype='PK' and name in (SELECT name FROM sysindexes WHERE id = a.id AND indid in(SELECT indid FROM sysindexkeys WHERE id = a.id AND colid=a.colid))) then Convert(Bit,1) else Convert(Bit,0) end,类型=b.name,占用字节数=a.length,长度=COLUMNPROPERTY(a.id,a.name,'PRECISION'),小数位数=isnull(COLUMNPROPERTY(a.id,a.name,'Scale'),0),允许空=case when a.isnullable=1 then Convert(Bit,1)else Convert(Bit,0) end,默认值=isnull(e.text,''),字段说明=isnull(g.[value],'')FROM syscolumns a left join systypes b on a.xtype=b.xusertype inner join sysobjects d on a.id=d.id  and d.xtype='U' left join syscomments e on a.cdefault=e.id left join sys.extended_properties g on a.id=g.major_id and a.colid=g.minor_id and g.name = 'MS_Description'  order by a.id,a.colorder
10:53:24.578  7 N - select ind.* from sys.indexes ind inner join sys.objects obj on ind.object_id = obj.object_id where obj.type='u'
10:53:24.598  7 N - 检查连接[ToolsManage/SqlServer]的数据库架构耗时373ms
10:53:24.603  7 N - Select * From tb_RoomInfo Order By ID Desc
10:53:25.501 17 Y 5 Select * From tb_DevicePlan Where IsValid=1 Order By ID ASC
10:54:00.519 17 Y 5 Select * From tb_DevicePlan Where IsValid=1 Order By ID ASC
10:55:00.540 17 Y 5 Select * From tb_DevicePlan Where IsValid=1 Order By ID ASC

#Software: ToolsManage
#ProcessID: 13216
#AppDomain: ToolsManage.vshost.exe
#BaseDirectory: F:\科能软件\库房软件\陈海涛移交\库房\软件\上海长兴库房软件\ToolsManage\ToolsManage\bin\Debug\
#CommandLine: "F:\科能软件\库房软件\陈海涛移交\库房\软件\上海长兴库房软件\ToolsManage\ToolsManage\bin\Debug\ToolsManage.vshost.exe" 
#ApplicationType: WinForm
#CLR: 4.0.30319.42000, .NET Framework 4
#OS: Windows 10.0 x64, Microsoft Windows NT 6.2.9200.0, Administrator/SHUGUANG
#Memory: 5,680M/11,985M
#CPU: 4
#Date: 2018-09-13
#字段: 时间 线程ID 线程池Y网页W普通N 线程名 消息内容
#Fields: Time ThreadID IsPoolThread ThreadName Message
11:00:25.406 10 N - NewLife.Core v6.6.2018.0211 Build 2018-06-14 10:56:08 .NET Framework 4
11:00:25.408 10 N - 组件核心库 ©2002-2017 新生命开发团队 http://git.newlifex.com/NewLife/X
11:00:25.408 10 N - ToolsManage v1.0.0.0 Build 2000-01-01 .NET Framework 4
11:00:25.408 10 N - ToolsManage Copyright © Lenovo 2015
11:00:25.408 10 N - XCode v9.6.2017.0808 Build 2018-06-14 10:56:10 .NET Framework 4
11:00:25.408 10 N - 大数据中间件 ©2002-2017 新生命开发团队 http://www.NewLifeX.com
11:00:26.197 10 N - ToolsManage 设定 Data Source=.;Initial Catalog=ToolsManage;user=sa;password=123456;
11:00:26.200 10 N - ToolsManage 格式 Data Source=.;Initial Catalog=ToolsManage;user=sa;password=123456;Pooling=false;Application Name=XCode_ToolsManage.vshost.exe_ToolsManage
11:00:26.211 10 N - 集中初始化表架构时没赶上，现在补上！
11:00:26.211 10 N - 开始同步检查表[TbRoominfo/SqlServer]的数据表架构……
11:00:26.231 10 N - System.Data.SqlClient.Sql驱动C:\windows\Microsoft.Net\assembly\GAC_32\System.Data\v4.0_4.0.0.0__b77a5c561934e089\System.Data.dll 版本v4.0.0.0
11:00:26.299 10 N - [ToolsManage]GetSchema("MetaDataCollections")
11:00:26.336 10 N - [ToolsManage]GetSchema("Databases", "ToolsManage")
11:00:26.342 10 N - select b.name n, a.value v from sys.extended_properties a inner join sysobjects b on a.major_id=b.id and a.minor_id=0 and a.name = 'MS_Description'
11:00:26.343 10 N - [ToolsManage]GetSchema("Tables")
11:00:26.344 10 N - SELECT 表名=d.name,字段序号=a.colorder,字段名=a.name,标识=case when COLUMNPROPERTY( a.id,a.name,'IsIdentity')=1 then Convert(Bit,1) else Convert(Bit,0) end,主键=case when exists(SELECT 1 FROM sysobjects where xtype='PK' and name in (SELECT name FROM sysindexes WHERE id = a.id AND indid in(SELECT indid FROM sysindexkeys WHERE id = a.id AND colid=a.colid))) then Convert(Bit,1) else Convert(Bit,0) end,类型=b.name,占用字节数=a.length,长度=COLUMNPROPERTY(a.id,a.name,'PRECISION'),小数位数=isnull(COLUMNPROPERTY(a.id,a.name,'Scale'),0),允许空=case when a.isnullable=1 then Convert(Bit,1)else Convert(Bit,0) end,默认值=isnull(e.text,''),字段说明=isnull(g.[value],'')FROM syscolumns a left join systypes b on a.xtype=b.xusertype inner join sysobjects d on a.id=d.id  and d.xtype='U' left join syscomments e on a.cdefault=e.id left join sys.extended_properties g on a.id=g.major_id and a.colid=g.minor_id and g.name = 'MS_Description'  order by a.id,a.colorder
11:00:26.417 10 N - select ind.* from sys.indexes ind inner join sys.objects obj on ind.object_id = obj.object_id where obj.type='u'
11:00:26.423 10 N - [ToolsManage]GetSchema("Columns")
11:00:26.441 10 N - [ToolsManage]GetSchema("Indexes")
11:00:26.450 10 N - [ToolsManage]GetSchema("IndexColumns")
11:00:26.485 10 N - 检查表[TbRoominfo/SqlServer]的数据表架构耗时273ms
11:00:26.487 10 N - 开始检查连接[ToolsManage/SqlServer]的数据库架构……
11:00:26.926 10 N - [ToolsManage]的所有实体类（26个）：TbAcinfo,TbAlarmevent,TbBoxicpower,TbDeviceplan,TbDevicetype,TbDoorrfid,TbDooruser,TbEnviridata,TbEnvirievent,TbNvrinfo,TbRecordborrow,TbRecordboxdoor,TbRecordboxpower,TbRecorddoorinout,TbRecorderr,TbRecordinroom,TbRecordpower,TbRecordscrap,TbRecordtest,TbRfidinfo,TbRoominfo,TbSysdevice,TbSysparm,TbSystemuser,TbTools,TbTypeandname
11:00:26.926 10 N - [ToolsManage]需要检查架构的实体类（26个）：TbAcinfo,TbAlarmevent,TbBoxicpower,TbDeviceplan,TbDevicetype,TbDoorrfid,TbDooruser,TbEnviridata,TbEnvirievent,TbNvrinfo,TbRecordborrow,TbRecordboxdoor,TbRecordboxpower,TbRecorddoorinout,TbRecorderr,TbRecordinroom,TbRecordpower,TbRecordscrap,TbRecordtest,TbRfidinfo,TbRoominfo,TbSysdevice,TbSysparm,TbSystemuser,TbTools,TbTypeandname
11:00:26.927 10 N - ToolsManage待检查表架构的实体个数：25
11:00:26.927 10 N - select b.name n, a.value v from sys.extended_properties a inner join sysobjects b on a.major_id=b.id and a.minor_id=0 and a.name = 'MS_Description'
11:00:26.927 10 N - SELECT 表名=d.name,字段序号=a.colorder,字段名=a.name,标识=case when COLUMNPROPERTY( a.id,a.name,'IsIdentity')=1 then Convert(Bit,1) else Convert(Bit,0) end,主键=case when exists(SELECT 1 FROM sysobjects where xtype='PK' and name in (SELECT name FROM sysindexes WHERE id = a.id AND indid in(SELECT indid FROM sysindexkeys WHERE id = a.id AND colid=a.colid))) then Convert(Bit,1) else Convert(Bit,0) end,类型=b.name,占用字节数=a.length,长度=COLUMNPROPERTY(a.id,a.name,'PRECISION'),小数位数=isnull(COLUMNPROPERTY(a.id,a.name,'Scale'),0),允许空=case when a.isnullable=1 then Convert(Bit,1)else Convert(Bit,0) end,默认值=isnull(e.text,''),字段说明=isnull(g.[value],'')FROM syscolumns a left join systypes b on a.xtype=b.xusertype inner join sysobjects d on a.id=d.id  and d.xtype='U' left join syscomments e on a.cdefault=e.id left join sys.extended_properties g on a.id=g.major_id and a.colid=g.minor_id and g.name = 'MS_Description'  order by a.id,a.colorder
11:00:26.990 10 N - select ind.* from sys.indexes ind inner join sys.objects obj on ind.object_id = obj.object_id where obj.type='u'
11:00:27.026 10 N - 检查连接[ToolsManage/SqlServer]的数据库架构耗时540ms
11:00:27.034 10 N - Select * From tb_RoomInfo Order By ID Desc
11:00:27.308 13 Y 5 Select * From tb_DevicePlan Where IsValid=1 Order By ID ASC
11:01:00.316 13 Y 5 Select * From tb_DevicePlan Where IsValid=1 Order By ID ASC
11:02:00.326 13 Y 5 Select * From tb_DevicePlan Where IsValid=1 Order By ID ASC
11:03:00.336 13 Y 5 Select * From tb_DevicePlan Where IsValid=1 Order By ID ASC
11:04:00.349 13 Y 5 Select * From tb_DevicePlan Where IsValid=1 Order By ID ASC
11:05:00.362 13 Y 5 Select * From tb_DevicePlan Where IsValid=1 Order By ID ASC
11:06:00.465 13 Y 5 Select * From tb_DevicePlan Where IsValid=1 Order By ID ASC
11:07:00.479 13 Y 5 Select * From tb_DevicePlan Where IsValid=1 Order By ID ASC
11:08:00.498 13 Y 5 Select * From tb_DevicePlan Where IsValid=1 Order By ID ASC
11:09:00.524 13 Y 5 Select * From tb_DevicePlan Where IsValid=1 Order By ID ASC
11:10:00.568 13 Y 5 Select * From tb_DevicePlan Where IsValid=1 Order By ID ASC
11:11:00.594 13 Y 5 Select * From tb_DevicePlan Where IsValid=1 Order By ID ASC
11:12:00.682 13 Y 5 Select * From tb_DevicePlan Where IsValid=1 Order By ID ASC
11:13:00.726 13 Y 5 Select * From tb_DevicePlan Where IsValid=1 Order By ID ASC
11:14:00.784 13 Y 5 Select * From tb_DevicePlan Where IsValid=1 Order By ID ASC
11:15:00.790 13 Y 5 Select * From tb_DevicePlan Where IsValid=1 Order By ID ASC
11:16:00.791 13 Y 5 Select * From tb_DevicePlan Where IsValid=1 Order By ID ASC
11:17:00.825 13 Y 5 Select * From tb_DevicePlan Where IsValid=1 Order By ID ASC
11:18:00.847 13 Y 5 Select * From tb_DevicePlan Where IsValid=1 Order By ID ASC
11:19:00.863 13 Y 5 Select * From tb_DevicePlan Where IsValid=1 Order By ID ASC
11:20:00.871 13 Y 5 Select * From tb_DevicePlan Where IsValid=1 Order By ID ASC
11:21:00.886 13 Y 5 Select * From tb_DevicePlan Where IsValid=1 Order By ID ASC
11:22:00.898 13 Y 5 Select * From tb_DevicePlan Where IsValid=1 Order By ID ASC
11:23:00.907 13 Y 5 Select * From tb_DevicePlan Where IsValid=1 Order By ID ASC
11:24:00.913 13 Y 5 Select * From tb_DevicePlan Where IsValid=1 Order By ID ASC
11:25:00.937 13 Y 5 Select * From tb_DevicePlan Where IsValid=1 Order By ID ASC

#Software: ToolsManage
#ProcessID: 10376
#AppDomain: ToolsManage.vshost.exe
#BaseDirectory: F:\科能软件\库房软件\陈海涛移交\库房\软件\上海长兴库房软件\ToolsManage\ToolsManage\bin\Debug\
#CommandLine: "F:\科能软件\库房软件\陈海涛移交\库房\软件\上海长兴库房软件\ToolsManage\ToolsManage\bin\Debug\ToolsManage.vshost.exe" 
#ApplicationType: WinForm
#CLR: 4.0.30319.42000, .NET Framework 4
#OS: Windows 10.0 x64, Microsoft Windows NT 6.2.9200.0, Administrator/SHUGUANG
#Memory: 4,556M/11,985M
#CPU: 4
#Date: 2018-09-13
#字段: 时间 线程ID 线程池Y网页W普通N 线程名 消息内容
#Fields: Time ThreadID IsPoolThread ThreadName Message
15:57:01.341  7 N - NewLife.Core v6.6.2018.0211 Build 2018-06-14 10:56:08 .NET Framework 4
15:57:01.343  7 N - 组件核心库 ©2002-2017 新生命开发团队 http://git.newlifex.com/NewLife/X
15:57:01.344  7 N - ToolsManage v1.0.0.0 Build 2000-01-01 .NET Framework 4
15:57:01.362  7 N - ToolsManage Copyright © Lenovo 2015
15:57:01.362  7 N - XCode v9.6.2017.0808 Build 2018-06-14 10:56:10 .NET Framework 4
15:57:01.362  7 N - 大数据中间件 ©2002-2017 新生命开发团队 http://www.NewLifeX.com
15:57:02.014  7 N - ToolsManage 设定 Data Source=.;Initial Catalog=ToolsManage;user=sa;password=123456;
15:57:02.017  7 N - ToolsManage 格式 Data Source=.;Initial Catalog=ToolsManage;user=sa;password=123456;Pooling=false;Application Name=XCode_ToolsManage.vshost.exe_ToolsManage
15:57:02.028  7 N - 集中初始化表架构时没赶上，现在补上！
15:57:02.029  7 N - 开始同步检查表[TbRoominfo/SqlServer]的数据表架构……
15:57:02.050  7 N - System.Data.SqlClient.Sql驱动C:\windows\Microsoft.Net\assembly\GAC_32\System.Data\v4.0_4.0.0.0__b77a5c561934e089\System.Data.dll 版本v4.0.0.0
15:57:02.072  7 N - [ToolsManage]GetSchema("MetaDataCollections")
15:57:02.116  7 N - [ToolsManage]GetSchema("Databases", "ToolsManage")
15:57:02.122  7 N - select b.name n, a.value v from sys.extended_properties a inner join sysobjects b on a.major_id=b.id and a.minor_id=0 and a.name = 'MS_Description'
15:57:02.123  7 N - [ToolsManage]GetSchema("Tables")
15:57:02.124  7 N - SELECT 表名=d.name,字段序号=a.colorder,字段名=a.name,标识=case when COLUMNPROPERTY( a.id,a.name,'IsIdentity')=1 then Convert(Bit,1) else Convert(Bit,0) end,主键=case when exists(SELECT 1 FROM sysobjects where xtype='PK' and name in (SELECT name FROM sysindexes WHERE id = a.id AND indid in(SELECT indid FROM sysindexkeys WHERE id = a.id AND colid=a.colid))) then Convert(Bit,1) else Convert(Bit,0) end,类型=b.name,占用字节数=a.length,长度=COLUMNPROPERTY(a.id,a.name,'PRECISION'),小数位数=isnull(COLUMNPROPERTY(a.id,a.name,'Scale'),0),允许空=case when a.isnullable=1 then Convert(Bit,1)else Convert(Bit,0) end,默认值=isnull(e.text,''),字段说明=isnull(g.[value],'')FROM syscolumns a left join systypes b on a.xtype=b.xusertype inner join sysobjects d on a.id=d.id  and d.xtype='U' left join syscomments e on a.cdefault=e.id left join sys.extended_properties g on a.id=g.major_id and a.colid=g.minor_id and g.name = 'MS_Description'  order by a.id,a.colorder
15:57:02.193  7 N - select ind.* from sys.indexes ind inner join sys.objects obj on ind.object_id = obj.object_id where obj.type='u'
15:57:02.198  7 N - [ToolsManage]GetSchema("Columns")
15:57:02.221  7 N - [ToolsManage]GetSchema("Indexes")
15:57:02.227  7 N - [ToolsManage]GetSchema("IndexColumns")
15:57:02.262  7 N - 检查表[TbRoominfo/SqlServer]的数据表架构耗时230ms
15:57:02.263  7 N - 开始检查连接[ToolsManage/SqlServer]的数据库架构……
15:57:02.626  7 N - [ToolsManage]的所有实体类（26个）：TbAcinfo,TbAlarmevent,TbBoxicpower,TbDeviceplan,TbDevicetype,TbDoorrfid,TbDooruser,TbEnviridata,TbEnvirievent,TbNvrinfo,TbRecordborrow,TbRecordboxdoor,TbRecordboxpower,TbRecorddoorinout,TbRecorderr,TbRecordinroom,TbRecordpower,TbRecordscrap,TbRecordtest,TbRfidinfo,TbRoominfo,TbSysdevice,TbSysparm,TbSystemuser,TbTools,TbTypeandname
15:57:02.626  7 N - [ToolsManage]需要检查架构的实体类（26个）：TbAcinfo,TbAlarmevent,TbBoxicpower,TbDeviceplan,TbDevicetype,TbDoorrfid,TbDooruser,TbEnviridata,TbEnvirievent,TbNvrinfo,TbRecordborrow,TbRecordboxdoor,TbRecordboxpower,TbRecorddoorinout,TbRecorderr,TbRecordinroom,TbRecordpower,TbRecordscrap,TbRecordtest,TbRfidinfo,TbRoominfo,TbSysdevice,TbSysparm,TbSystemuser,TbTools,TbTypeandname
15:57:02.627  7 N - ToolsManage待检查表架构的实体个数：25
15:57:02.627  7 N - select b.name n, a.value v from sys.extended_properties a inner join sysobjects b on a.major_id=b.id and a.minor_id=0 and a.name = 'MS_Description'
15:57:02.627  7 N - SELECT 表名=d.name,字段序号=a.colorder,字段名=a.name,标识=case when COLUMNPROPERTY( a.id,a.name,'IsIdentity')=1 then Convert(Bit,1) else Convert(Bit,0) end,主键=case when exists(SELECT 1 FROM sysobjects where xtype='PK' and name in (SELECT name FROM sysindexes WHERE id = a.id AND indid in(SELECT indid FROM sysindexkeys WHERE id = a.id AND colid=a.colid))) then Convert(Bit,1) else Convert(Bit,0) end,类型=b.name,占用字节数=a.length,长度=COLUMNPROPERTY(a.id,a.name,'PRECISION'),小数位数=isnull(COLUMNPROPERTY(a.id,a.name,'Scale'),0),允许空=case when a.isnullable=1 then Convert(Bit,1)else Convert(Bit,0) end,默认值=isnull(e.text,''),字段说明=isnull(g.[value],'')FROM syscolumns a left join systypes b on a.xtype=b.xusertype inner join sysobjects d on a.id=d.id  and d.xtype='U' left join syscomments e on a.cdefault=e.id left join sys.extended_properties g on a.id=g.major_id and a.colid=g.minor_id and g.name = 'MS_Description'  order by a.id,a.colorder
15:57:02.668  7 N - select ind.* from sys.indexes ind inner join sys.objects obj on ind.object_id = obj.object_id where obj.type='u'
15:57:02.687  7 N - 检查连接[ToolsManage/SqlServer]的数据库架构耗时424ms
15:57:02.692  7 N - Select * From tb_RoomInfo Order By ID Desc
15:57:02.888 12 Y 5 Select * From tb_DevicePlan Where IsValid=1 Order By ID ASC
15:58:01.377 12 Y 5 Select * From tb_DevicePlan Where IsValid=1 Order By ID ASC
15:59:00.388 12 Y 5 Select * From tb_DevicePlan Where IsValid=1 Order By ID ASC

#Software: ToolsManage
#ProcessID: 14080
#AppDomain: ToolsManage.vshost.exe
#BaseDirectory: F:\科能软件\库房软件\陈海涛移交\库房\软件\上海长兴库房软件\ToolsManage\ToolsManage\bin\Debug\
#CommandLine: "F:\科能软件\库房软件\陈海涛移交\库房\软件\上海长兴库房软件\ToolsManage\ToolsManage\bin\Debug\ToolsManage.vshost.exe" 
#ApplicationType: WinForm
#CLR: 4.0.30319.42000, .NET Framework 4
#OS: Windows 10.0 x64, Microsoft Windows NT 6.2.9200.0, Administrator/SHUGUANG
#Memory: 4,684M/11,985M
#CPU: 4
#Date: 2018-09-13
#字段: 时间 线程ID 线程池Y网页W普通N 线程名 消息内容
#Fields: Time ThreadID IsPoolThread ThreadName Message
16:57:32.163  7 N - NewLife.Core v6.6.2018.0211 Build 2018-06-14 10:56:08 .NET Framework 4
16:57:32.166  7 N - 组件核心库 ©2002-2017 新生命开发团队 http://git.newlifex.com/NewLife/X
16:57:32.166  7 N - ToolsManage v1.0.0.0 Build 2000-01-01 .NET Framework 4
16:57:32.166  7 N - ToolsManage Copyright © Lenovo 2015
16:57:32.166  7 N - XCode v9.6.2017.0808 Build 2018-06-14 10:56:10 .NET Framework 4
16:57:32.166  7 N - 大数据中间件 ©2002-2017 新生命开发团队 http://www.NewLifeX.com
16:57:32.798  7 N - ToolsManage 设定 Data Source=.;Initial Catalog=ToolsManage;user=sa;password=123456;
16:57:32.800  7 N - ToolsManage 格式 Data Source=.;Initial Catalog=ToolsManage;user=sa;password=123456;Pooling=false;Application Name=XCode_ToolsManage.vshost.exe_ToolsManage
16:57:32.814  7 N - 集中初始化表架构时没赶上，现在补上！
16:57:32.815  7 N - 开始同步检查表[TbRoominfo/SqlServer]的数据表架构……
16:57:32.835  7 N - System.Data.SqlClient.Sql驱动C:\windows\Microsoft.Net\assembly\GAC_32\System.Data\v4.0_4.0.0.0__b77a5c561934e089\System.Data.dll 版本v4.0.0.0
16:57:32.858  7 N - [ToolsManage]GetSchema("MetaDataCollections")
16:57:32.897  7 N - [ToolsManage]GetSchema("Databases", "ToolsManage")
16:57:32.904  7 N - select b.name n, a.value v from sys.extended_properties a inner join sysobjects b on a.major_id=b.id and a.minor_id=0 and a.name = 'MS_Description'
16:57:32.905  7 N - [ToolsManage]GetSchema("Tables")
16:57:32.909  7 N - SELECT 表名=d.name,字段序号=a.colorder,字段名=a.name,标识=case when COLUMNPROPERTY( a.id,a.name,'IsIdentity')=1 then Convert(Bit,1) else Convert(Bit,0) end,主键=case when exists(SELECT 1 FROM sysobjects where xtype='PK' and name in (SELECT name FROM sysindexes WHERE id = a.id AND indid in(SELECT indid FROM sysindexkeys WHERE id = a.id AND colid=a.colid))) then Convert(Bit,1) else Convert(Bit,0) end,类型=b.name,占用字节数=a.length,长度=COLUMNPROPERTY(a.id,a.name,'PRECISION'),小数位数=isnull(COLUMNPROPERTY(a.id,a.name,'Scale'),0),允许空=case when a.isnullable=1 then Convert(Bit,1)else Convert(Bit,0) end,默认值=isnull(e.text,''),字段说明=isnull(g.[value],'')FROM syscolumns a left join systypes b on a.xtype=b.xusertype inner join sysobjects d on a.id=d.id  and d.xtype='U' left join syscomments e on a.cdefault=e.id left join sys.extended_properties g on a.id=g.major_id and a.colid=g.minor_id and g.name = 'MS_Description'  order by a.id,a.colorder
16:57:32.961  7 N - select ind.* from sys.indexes ind inner join sys.objects obj on ind.object_id = obj.object_id where obj.type='u'
16:57:32.966  7 N - [ToolsManage]GetSchema("Columns")
16:57:32.986  7 N - [ToolsManage]GetSchema("Indexes")
16:57:32.997  7 N - [ToolsManage]GetSchema("IndexColumns")
16:57:33.036  7 N - 检查表[TbRoominfo/SqlServer]的数据表架构耗时219ms
16:57:33.038  7 N - 开始检查连接[ToolsManage/SqlServer]的数据库架构……
16:57:33.417  7 N - [ToolsManage]的所有实体类（26个）：TbAcinfo,TbAlarmevent,TbBoxicpower,TbDeviceplan,TbDevicetype,TbDoorrfid,TbDooruser,TbEnviridata,TbEnvirievent,TbNvrinfo,TbRecordborrow,TbRecordboxdoor,TbRecordboxpower,TbRecorddoorinout,TbRecorderr,TbRecordinroom,TbRecordpower,TbRecordscrap,TbRecordtest,TbRfidinfo,TbRoominfo,TbSysdevice,TbSysparm,TbSystemuser,TbTools,TbTypeandname
16:57:33.417  7 N - [ToolsManage]需要检查架构的实体类（26个）：TbAcinfo,TbAlarmevent,TbBoxicpower,TbDeviceplan,TbDevicetype,TbDoorrfid,TbDooruser,TbEnviridata,TbEnvirievent,TbNvrinfo,TbRecordborrow,TbRecordboxdoor,TbRecordboxpower,TbRecorddoorinout,TbRecorderr,TbRecordinroom,TbRecordpower,TbRecordscrap,TbRecordtest,TbRfidinfo,TbRoominfo,TbSysdevice,TbSysparm,TbSystemuser,TbTools,TbTypeandname
16:57:33.418  7 N - ToolsManage待检查表架构的实体个数：25
16:57:33.418  7 N - select b.name n, a.value v from sys.extended_properties a inner join sysobjects b on a.major_id=b.id and a.minor_id=0 and a.name = 'MS_Description'
16:57:33.418  7 N - SELECT 表名=d.name,字段序号=a.colorder,字段名=a.name,标识=case when COLUMNPROPERTY( a.id,a.name,'IsIdentity')=1 then Convert(Bit,1) else Convert(Bit,0) end,主键=case when exists(SELECT 1 FROM sysobjects where xtype='PK' and name in (SELECT name FROM sysindexes WHERE id = a.id AND indid in(SELECT indid FROM sysindexkeys WHERE id = a.id AND colid=a.colid))) then Convert(Bit,1) else Convert(Bit,0) end,类型=b.name,占用字节数=a.length,长度=COLUMNPROPERTY(a.id,a.name,'PRECISION'),小数位数=isnull(COLUMNPROPERTY(a.id,a.name,'Scale'),0),允许空=case when a.isnullable=1 then Convert(Bit,1)else Convert(Bit,0) end,默认值=isnull(e.text,''),字段说明=isnull(g.[value],'')FROM syscolumns a left join systypes b on a.xtype=b.xusertype inner join sysobjects d on a.id=d.id  and d.xtype='U' left join syscomments e on a.cdefault=e.id left join sys.extended_properties g on a.id=g.major_id and a.colid=g.minor_id and g.name = 'MS_Description'  order by a.id,a.colorder
16:57:33.481  7 N - select ind.* from sys.indexes ind inner join sys.objects obj on ind.object_id = obj.object_id where obj.type='u'
16:57:33.508  7 N - 检查连接[ToolsManage/SqlServer]的数据库架构耗时470ms
16:57:33.513  7 N - Select * From tb_RoomInfo Order By ID Desc
16:57:33.783 17 Y 5 Select * From tb_DevicePlan Where IsValid=1 Order By ID ASC
16:58:00.870 17 Y 5 Select * From tb_DevicePlan Where IsValid=1 Order By ID ASC
